[2025-12-25T02:23:21.259+0900] {processor.py:161} INFO - Started process (PID=15643) to work on /mnt/d/My Apps/Airflow Demand Forecast Project/airflow-demand-forecasting/dags/demand_forecasting_pipeline.py
[2025-12-25T02:23:21.260+0900] {processor.py:830} INFO - Processing file /mnt/d/My Apps/Airflow Demand Forecast Project/airflow-demand-forecasting/dags/demand_forecasting_pipeline.py for tasks to queue
[2025-12-25T02:23:21.262+0900] {logging_mixin.py:188} INFO - [2025-12-25T02:23:21.261+0900] {dagbag.py:538} INFO - Filling up the DagBag from /mnt/d/My Apps/Airflow Demand Forecast Project/airflow-demand-forecasting/dags/demand_forecasting_pipeline.py
[2025-12-25T02:23:24.303+0900] {logging_mixin.py:188} INFO - [2025-12-25T02:23:24.303+0900] {plot.py:39} ERROR - Importing plotly failed. Interactive plots will not work.
[2025-12-25T02:23:24.393+0900] {processor.py:840} INFO - DAG(s) 'demand_forecasting_pipeline' retrieved from /mnt/d/My Apps/Airflow Demand Forecast Project/airflow-demand-forecasting/dags/demand_forecasting_pipeline.py
[2025-12-25T02:23:24.515+0900] {logging_mixin.py:188} INFO - [2025-12-25T02:23:24.514+0900] {dag.py:3036} INFO - Sync 1 DAGs
[2025-12-25T02:23:24.532+0900] {logging_mixin.py:188} INFO - [2025-12-25T02:23:24.531+0900] {dag.py:3823} INFO - Setting next_dagrun for demand_forecasting_pipeline to 2025-12-23 00:00:00+00:00, run_after=2025-12-24 00:00:00+00:00
[2025-12-25T02:23:24.563+0900] {processor.py:183} INFO - Processing /mnt/d/My Apps/Airflow Demand Forecast Project/airflow-demand-forecasting/dags/demand_forecasting_pipeline.py took 3.306 seconds
[2025-12-25T02:23:54.926+0900] {processor.py:161} INFO - Started process (PID=15674) to work on /mnt/d/My Apps/Airflow Demand Forecast Project/airflow-demand-forecasting/dags/demand_forecasting_pipeline.py
[2025-12-25T02:23:54.928+0900] {processor.py:830} INFO - Processing file /mnt/d/My Apps/Airflow Demand Forecast Project/airflow-demand-forecasting/dags/demand_forecasting_pipeline.py for tasks to queue
[2025-12-25T02:23:54.930+0900] {logging_mixin.py:188} INFO - [2025-12-25T02:23:54.929+0900] {dagbag.py:538} INFO - Filling up the DagBag from /mnt/d/My Apps/Airflow Demand Forecast Project/airflow-demand-forecasting/dags/demand_forecasting_pipeline.py
[2025-12-25T02:23:58.186+0900] {logging_mixin.py:188} INFO - [2025-12-25T02:23:58.186+0900] {plot.py:39} ERROR - Importing plotly failed. Interactive plots will not work.
[2025-12-25T02:23:58.316+0900] {processor.py:840} INFO - DAG(s) 'demand_forecasting_pipeline' retrieved from /mnt/d/My Apps/Airflow Demand Forecast Project/airflow-demand-forecasting/dags/demand_forecasting_pipeline.py
[2025-12-25T02:23:58.382+0900] {logging_mixin.py:188} INFO - [2025-12-25T02:23:58.382+0900] {dag.py:3036} INFO - Sync 1 DAGs
[2025-12-25T02:23:58.398+0900] {logging_mixin.py:188} INFO - [2025-12-25T02:23:58.397+0900] {dag.py:3823} INFO - Setting next_dagrun for demand_forecasting_pipeline to 2025-12-23 00:00:00+00:00, run_after=2025-12-24 00:00:00+00:00
[2025-12-25T02:23:58.430+0900] {processor.py:183} INFO - Processing /mnt/d/My Apps/Airflow Demand Forecast Project/airflow-demand-forecasting/dags/demand_forecasting_pipeline.py took 3.507 seconds
[2025-12-25T02:24:28.563+0900] {processor.py:161} INFO - Started process (PID=15693) to work on /mnt/d/My Apps/Airflow Demand Forecast Project/airflow-demand-forecasting/dags/demand_forecasting_pipeline.py
[2025-12-25T02:24:28.564+0900] {processor.py:830} INFO - Processing file /mnt/d/My Apps/Airflow Demand Forecast Project/airflow-demand-forecasting/dags/demand_forecasting_pipeline.py for tasks to queue
[2025-12-25T02:24:28.566+0900] {logging_mixin.py:188} INFO - [2025-12-25T02:24:28.565+0900] {dagbag.py:538} INFO - Filling up the DagBag from /mnt/d/My Apps/Airflow Demand Forecast Project/airflow-demand-forecasting/dags/demand_forecasting_pipeline.py
[2025-12-25T02:24:31.754+0900] {logging_mixin.py:188} INFO - [2025-12-25T02:24:31.754+0900] {plot.py:39} ERROR - Importing plotly failed. Interactive plots will not work.
[2025-12-25T02:24:31.879+0900] {processor.py:840} INFO - DAG(s) 'demand_forecasting_pipeline' retrieved from /mnt/d/My Apps/Airflow Demand Forecast Project/airflow-demand-forecasting/dags/demand_forecasting_pipeline.py
[2025-12-25T02:24:31.968+0900] {logging_mixin.py:188} INFO - [2025-12-25T02:24:31.967+0900] {dag.py:3036} INFO - Sync 1 DAGs
[2025-12-25T02:24:31.989+0900] {logging_mixin.py:188} INFO - [2025-12-25T02:24:31.988+0900] {dag.py:3823} INFO - Setting next_dagrun for demand_forecasting_pipeline to 2025-12-23 00:00:00+00:00, run_after=2025-12-24 00:00:00+00:00
[2025-12-25T02:24:32.032+0900] {processor.py:183} INFO - Processing /mnt/d/My Apps/Airflow Demand Forecast Project/airflow-demand-forecasting/dags/demand_forecasting_pipeline.py took 3.471 seconds
[2025-12-25T02:25:04.339+0900] {processor.py:161} INFO - Started process (PID=15756) to work on /mnt/d/My Apps/Airflow Demand Forecast Project/airflow-demand-forecasting/dags/demand_forecasting_pipeline.py
[2025-12-25T02:25:04.340+0900] {processor.py:830} INFO - Processing file /mnt/d/My Apps/Airflow Demand Forecast Project/airflow-demand-forecasting/dags/demand_forecasting_pipeline.py for tasks to queue
[2025-12-25T02:25:04.342+0900] {logging_mixin.py:188} INFO - [2025-12-25T02:25:04.341+0900] {dagbag.py:538} INFO - Filling up the DagBag from /mnt/d/My Apps/Airflow Demand Forecast Project/airflow-demand-forecasting/dags/demand_forecasting_pipeline.py
[2025-12-25T02:25:07.261+0900] {logging_mixin.py:188} INFO - [2025-12-25T02:25:07.260+0900] {plot.py:39} ERROR - Importing plotly failed. Interactive plots will not work.
[2025-12-25T02:25:07.336+0900] {processor.py:840} INFO - DAG(s) 'demand_forecasting_pipeline' retrieved from /mnt/d/My Apps/Airflow Demand Forecast Project/airflow-demand-forecasting/dags/demand_forecasting_pipeline.py
[2025-12-25T02:25:07.414+0900] {logging_mixin.py:188} INFO - [2025-12-25T02:25:07.413+0900] {dag.py:3036} INFO - Sync 1 DAGs
[2025-12-25T02:25:07.464+0900] {processor.py:183} INFO - Processing /mnt/d/My Apps/Airflow Demand Forecast Project/airflow-demand-forecasting/dags/demand_forecasting_pipeline.py took 3.127 seconds
[2025-12-25T02:25:37.578+0900] {processor.py:161} INFO - Started process (PID=15813) to work on /mnt/d/My Apps/Airflow Demand Forecast Project/airflow-demand-forecasting/dags/demand_forecasting_pipeline.py
[2025-12-25T02:25:37.579+0900] {processor.py:830} INFO - Processing file /mnt/d/My Apps/Airflow Demand Forecast Project/airflow-demand-forecasting/dags/demand_forecasting_pipeline.py for tasks to queue
[2025-12-25T02:25:37.581+0900] {logging_mixin.py:188} INFO - [2025-12-25T02:25:37.580+0900] {dagbag.py:538} INFO - Filling up the DagBag from /mnt/d/My Apps/Airflow Demand Forecast Project/airflow-demand-forecasting/dags/demand_forecasting_pipeline.py
[2025-12-25T02:25:40.412+0900] {logging_mixin.py:188} INFO - [2025-12-25T02:25:40.411+0900] {plot.py:39} ERROR - Importing plotly failed. Interactive plots will not work.
[2025-12-25T02:25:40.485+0900] {processor.py:840} INFO - DAG(s) 'demand_forecasting_pipeline' retrieved from /mnt/d/My Apps/Airflow Demand Forecast Project/airflow-demand-forecasting/dags/demand_forecasting_pipeline.py
[2025-12-25T02:25:40.545+0900] {logging_mixin.py:188} INFO - [2025-12-25T02:25:40.544+0900] {dag.py:3036} INFO - Sync 1 DAGs
[2025-12-25T02:25:40.595+0900] {processor.py:183} INFO - Processing /mnt/d/My Apps/Airflow Demand Forecast Project/airflow-demand-forecasting/dags/demand_forecasting_pipeline.py took 3.019 seconds
[2025-12-25T02:26:10.869+0900] {processor.py:161} INFO - Started process (PID=15854) to work on /mnt/d/My Apps/Airflow Demand Forecast Project/airflow-demand-forecasting/dags/demand_forecasting_pipeline.py
[2025-12-25T02:26:10.870+0900] {processor.py:830} INFO - Processing file /mnt/d/My Apps/Airflow Demand Forecast Project/airflow-demand-forecasting/dags/demand_forecasting_pipeline.py for tasks to queue
[2025-12-25T02:26:10.872+0900] {logging_mixin.py:188} INFO - [2025-12-25T02:26:10.871+0900] {dagbag.py:538} INFO - Filling up the DagBag from /mnt/d/My Apps/Airflow Demand Forecast Project/airflow-demand-forecasting/dags/demand_forecasting_pipeline.py
[2025-12-25T02:26:13.700+0900] {logging_mixin.py:188} INFO - [2025-12-25T02:26:13.700+0900] {plot.py:39} ERROR - Importing plotly failed. Interactive plots will not work.
[2025-12-25T02:26:13.793+0900] {processor.py:840} INFO - DAG(s) 'demand_forecasting_pipeline' retrieved from /mnt/d/My Apps/Airflow Demand Forecast Project/airflow-demand-forecasting/dags/demand_forecasting_pipeline.py
[2025-12-25T02:26:13.847+0900] {logging_mixin.py:188} INFO - [2025-12-25T02:26:13.846+0900] {dag.py:3036} INFO - Sync 1 DAGs
[2025-12-25T02:26:13.889+0900] {processor.py:183} INFO - Processing /mnt/d/My Apps/Airflow Demand Forecast Project/airflow-demand-forecasting/dags/demand_forecasting_pipeline.py took 3.023 seconds
[2025-12-25T02:26:44.172+0900] {processor.py:161} INFO - Started process (PID=15880) to work on /mnt/d/My Apps/Airflow Demand Forecast Project/airflow-demand-forecasting/dags/demand_forecasting_pipeline.py
[2025-12-25T02:26:44.174+0900] {processor.py:830} INFO - Processing file /mnt/d/My Apps/Airflow Demand Forecast Project/airflow-demand-forecasting/dags/demand_forecasting_pipeline.py for tasks to queue
[2025-12-25T02:26:44.176+0900] {logging_mixin.py:188} INFO - [2025-12-25T02:26:44.175+0900] {dagbag.py:538} INFO - Filling up the DagBag from /mnt/d/My Apps/Airflow Demand Forecast Project/airflow-demand-forecasting/dags/demand_forecasting_pipeline.py
[2025-12-25T02:26:47.071+0900] {logging_mixin.py:188} INFO - [2025-12-25T02:26:47.070+0900] {plot.py:39} ERROR - Importing plotly failed. Interactive plots will not work.
[2025-12-25T02:26:47.177+0900] {processor.py:840} INFO - DAG(s) 'demand_forecasting_pipeline' retrieved from /mnt/d/My Apps/Airflow Demand Forecast Project/airflow-demand-forecasting/dags/demand_forecasting_pipeline.py
[2025-12-25T02:26:47.241+0900] {logging_mixin.py:188} INFO - [2025-12-25T02:26:47.240+0900] {dag.py:3036} INFO - Sync 1 DAGs
[2025-12-25T02:26:47.290+0900] {processor.py:183} INFO - Processing /mnt/d/My Apps/Airflow Demand Forecast Project/airflow-demand-forecasting/dags/demand_forecasting_pipeline.py took 3.121 seconds
[2025-12-25T02:27:17.596+0900] {processor.py:161} INFO - Started process (PID=15916) to work on /mnt/d/My Apps/Airflow Demand Forecast Project/airflow-demand-forecasting/dags/demand_forecasting_pipeline.py
[2025-12-25T02:27:17.597+0900] {processor.py:830} INFO - Processing file /mnt/d/My Apps/Airflow Demand Forecast Project/airflow-demand-forecasting/dags/demand_forecasting_pipeline.py for tasks to queue
[2025-12-25T02:27:17.599+0900] {logging_mixin.py:188} INFO - [2025-12-25T02:27:17.598+0900] {dagbag.py:538} INFO - Filling up the DagBag from /mnt/d/My Apps/Airflow Demand Forecast Project/airflow-demand-forecasting/dags/demand_forecasting_pipeline.py
[2025-12-25T02:27:20.465+0900] {logging_mixin.py:188} INFO - [2025-12-25T02:27:20.464+0900] {plot.py:39} ERROR - Importing plotly failed. Interactive plots will not work.
[2025-12-25T02:27:20.618+0900] {processor.py:840} INFO - DAG(s) 'demand_forecasting_pipeline' retrieved from /mnt/d/My Apps/Airflow Demand Forecast Project/airflow-demand-forecasting/dags/demand_forecasting_pipeline.py
[2025-12-25T02:27:20.699+0900] {logging_mixin.py:188} INFO - [2025-12-25T02:27:20.699+0900] {dag.py:3036} INFO - Sync 1 DAGs
[2025-12-25T02:27:20.764+0900] {processor.py:183} INFO - Processing /mnt/d/My Apps/Airflow Demand Forecast Project/airflow-demand-forecasting/dags/demand_forecasting_pipeline.py took 3.170 seconds
[2025-12-25T02:27:51.025+0900] {processor.py:161} INFO - Started process (PID=15961) to work on /mnt/d/My Apps/Airflow Demand Forecast Project/airflow-demand-forecasting/dags/demand_forecasting_pipeline.py
[2025-12-25T02:27:51.026+0900] {processor.py:830} INFO - Processing file /mnt/d/My Apps/Airflow Demand Forecast Project/airflow-demand-forecasting/dags/demand_forecasting_pipeline.py for tasks to queue
[2025-12-25T02:27:51.028+0900] {logging_mixin.py:188} INFO - [2025-12-25T02:27:51.027+0900] {dagbag.py:538} INFO - Filling up the DagBag from /mnt/d/My Apps/Airflow Demand Forecast Project/airflow-demand-forecasting/dags/demand_forecasting_pipeline.py
[2025-12-25T02:27:53.874+0900] {logging_mixin.py:188} INFO - [2025-12-25T02:27:53.873+0900] {plot.py:39} ERROR - Importing plotly failed. Interactive plots will not work.
[2025-12-25T02:27:53.947+0900] {processor.py:840} INFO - DAG(s) 'demand_forecasting_pipeline' retrieved from /mnt/d/My Apps/Airflow Demand Forecast Project/airflow-demand-forecasting/dags/demand_forecasting_pipeline.py
[2025-12-25T02:27:54.024+0900] {logging_mixin.py:188} INFO - [2025-12-25T02:27:54.023+0900] {dag.py:3036} INFO - Sync 1 DAGs
[2025-12-25T02:27:54.065+0900] {processor.py:183} INFO - Processing /mnt/d/My Apps/Airflow Demand Forecast Project/airflow-demand-forecasting/dags/demand_forecasting_pipeline.py took 3.042 seconds
[2025-12-25T02:28:24.413+0900] {processor.py:161} INFO - Started process (PID=15997) to work on /mnt/d/My Apps/Airflow Demand Forecast Project/airflow-demand-forecasting/dags/demand_forecasting_pipeline.py
[2025-12-25T02:28:24.414+0900] {processor.py:830} INFO - Processing file /mnt/d/My Apps/Airflow Demand Forecast Project/airflow-demand-forecasting/dags/demand_forecasting_pipeline.py for tasks to queue
[2025-12-25T02:28:24.415+0900] {logging_mixin.py:188} INFO - [2025-12-25T02:28:24.414+0900] {dagbag.py:538} INFO - Filling up the DagBag from /mnt/d/My Apps/Airflow Demand Forecast Project/airflow-demand-forecasting/dags/demand_forecasting_pipeline.py
[2025-12-25T02:28:27.329+0900] {logging_mixin.py:188} INFO - [2025-12-25T02:28:27.329+0900] {plot.py:39} ERROR - Importing plotly failed. Interactive plots will not work.
[2025-12-25T02:28:27.413+0900] {processor.py:840} INFO - DAG(s) 'demand_forecasting_pipeline' retrieved from /mnt/d/My Apps/Airflow Demand Forecast Project/airflow-demand-forecasting/dags/demand_forecasting_pipeline.py
[2025-12-25T02:28:27.480+0900] {logging_mixin.py:188} INFO - [2025-12-25T02:28:27.479+0900] {dag.py:3036} INFO - Sync 1 DAGs
[2025-12-25T02:28:27.528+0900] {processor.py:183} INFO - Processing /mnt/d/My Apps/Airflow Demand Forecast Project/airflow-demand-forecasting/dags/demand_forecasting_pipeline.py took 3.117 seconds
[2025-12-25T02:28:57.886+0900] {processor.py:161} INFO - Started process (PID=16025) to work on /mnt/d/My Apps/Airflow Demand Forecast Project/airflow-demand-forecasting/dags/demand_forecasting_pipeline.py
[2025-12-25T02:28:57.887+0900] {processor.py:830} INFO - Processing file /mnt/d/My Apps/Airflow Demand Forecast Project/airflow-demand-forecasting/dags/demand_forecasting_pipeline.py for tasks to queue
[2025-12-25T02:28:57.890+0900] {logging_mixin.py:188} INFO - [2025-12-25T02:28:57.888+0900] {dagbag.py:538} INFO - Filling up the DagBag from /mnt/d/My Apps/Airflow Demand Forecast Project/airflow-demand-forecasting/dags/demand_forecasting_pipeline.py
[2025-12-25T02:29:00.782+0900] {logging_mixin.py:188} INFO - [2025-12-25T02:29:00.781+0900] {plot.py:39} ERROR - Importing plotly failed. Interactive plots will not work.
[2025-12-25T02:29:00.858+0900] {processor.py:840} INFO - DAG(s) 'demand_forecasting_pipeline' retrieved from /mnt/d/My Apps/Airflow Demand Forecast Project/airflow-demand-forecasting/dags/demand_forecasting_pipeline.py
[2025-12-25T02:29:00.922+0900] {logging_mixin.py:188} INFO - [2025-12-25T02:29:00.921+0900] {dag.py:3036} INFO - Sync 1 DAGs
[2025-12-25T02:29:00.972+0900] {processor.py:183} INFO - Processing /mnt/d/My Apps/Airflow Demand Forecast Project/airflow-demand-forecasting/dags/demand_forecasting_pipeline.py took 3.088 seconds
[2025-12-25T02:29:31.378+0900] {processor.py:161} INFO - Started process (PID=16048) to work on /mnt/d/My Apps/Airflow Demand Forecast Project/airflow-demand-forecasting/dags/demand_forecasting_pipeline.py
[2025-12-25T02:29:31.380+0900] {processor.py:830} INFO - Processing file /mnt/d/My Apps/Airflow Demand Forecast Project/airflow-demand-forecasting/dags/demand_forecasting_pipeline.py for tasks to queue
[2025-12-25T02:29:31.383+0900] {logging_mixin.py:188} INFO - [2025-12-25T02:29:31.382+0900] {dagbag.py:538} INFO - Filling up the DagBag from /mnt/d/My Apps/Airflow Demand Forecast Project/airflow-demand-forecasting/dags/demand_forecasting_pipeline.py
[2025-12-25T02:29:34.445+0900] {logging_mixin.py:188} INFO - [2025-12-25T02:29:34.439+0900] {plot.py:39} ERROR - Importing plotly failed. Interactive plots will not work.
[2025-12-25T02:29:34.531+0900] {processor.py:840} INFO - DAG(s) 'demand_forecasting_pipeline' retrieved from /mnt/d/My Apps/Airflow Demand Forecast Project/airflow-demand-forecasting/dags/demand_forecasting_pipeline.py
[2025-12-25T02:29:34.597+0900] {logging_mixin.py:188} INFO - [2025-12-25T02:29:34.597+0900] {dag.py:3036} INFO - Sync 1 DAGs
[2025-12-25T02:29:34.642+0900] {processor.py:183} INFO - Processing /mnt/d/My Apps/Airflow Demand Forecast Project/airflow-demand-forecasting/dags/demand_forecasting_pipeline.py took 3.266 seconds
[2025-12-25T02:30:04.946+0900] {processor.py:161} INFO - Started process (PID=16086) to work on /mnt/d/My Apps/Airflow Demand Forecast Project/airflow-demand-forecasting/dags/demand_forecasting_pipeline.py
[2025-12-25T02:30:04.947+0900] {processor.py:830} INFO - Processing file /mnt/d/My Apps/Airflow Demand Forecast Project/airflow-demand-forecasting/dags/demand_forecasting_pipeline.py for tasks to queue
[2025-12-25T02:30:04.950+0900] {logging_mixin.py:188} INFO - [2025-12-25T02:30:04.949+0900] {dagbag.py:538} INFO - Filling up the DagBag from /mnt/d/My Apps/Airflow Demand Forecast Project/airflow-demand-forecasting/dags/demand_forecasting_pipeline.py
[2025-12-25T02:30:07.836+0900] {logging_mixin.py:188} INFO - [2025-12-25T02:30:07.835+0900] {plot.py:39} ERROR - Importing plotly failed. Interactive plots will not work.
[2025-12-25T02:30:07.914+0900] {processor.py:840} INFO - DAG(s) 'demand_forecasting_pipeline' retrieved from /mnt/d/My Apps/Airflow Demand Forecast Project/airflow-demand-forecasting/dags/demand_forecasting_pipeline.py
[2025-12-25T02:30:07.976+0900] {logging_mixin.py:188} INFO - [2025-12-25T02:30:07.975+0900] {dag.py:3036} INFO - Sync 1 DAGs
[2025-12-25T02:30:08.028+0900] {processor.py:183} INFO - Processing /mnt/d/My Apps/Airflow Demand Forecast Project/airflow-demand-forecasting/dags/demand_forecasting_pipeline.py took 3.086 seconds
[2025-12-25T02:30:44.737+0900] {processor.py:161} INFO - Started process (PID=16124) to work on /mnt/d/My Apps/Airflow Demand Forecast Project/airflow-demand-forecasting/dags/demand_forecasting_pipeline.py
[2025-12-25T02:30:44.739+0900] {processor.py:830} INFO - Processing file /mnt/d/My Apps/Airflow Demand Forecast Project/airflow-demand-forecasting/dags/demand_forecasting_pipeline.py for tasks to queue
[2025-12-25T02:30:44.740+0900] {logging_mixin.py:188} INFO - [2025-12-25T02:30:44.739+0900] {dagbag.py:538} INFO - Filling up the DagBag from /mnt/d/My Apps/Airflow Demand Forecast Project/airflow-demand-forecasting/dags/demand_forecasting_pipeline.py
[2025-12-25T02:30:47.485+0900] {logging_mixin.py:188} INFO - [2025-12-25T02:30:47.485+0900] {plot.py:39} ERROR - Importing plotly failed. Interactive plots will not work.
[2025-12-25T02:30:47.581+0900] {processor.py:840} INFO - DAG(s) 'demand_forecasting_pipeline' retrieved from /mnt/d/My Apps/Airflow Demand Forecast Project/airflow-demand-forecasting/dags/demand_forecasting_pipeline.py
[2025-12-25T02:30:47.641+0900] {logging_mixin.py:188} INFO - [2025-12-25T02:30:47.640+0900] {dag.py:3036} INFO - Sync 1 DAGs
[2025-12-25T02:30:47.683+0900] {processor.py:183} INFO - Processing /mnt/d/My Apps/Airflow Demand Forecast Project/airflow-demand-forecasting/dags/demand_forecasting_pipeline.py took 2.947 seconds
[2025-12-25T02:31:18.736+0900] {processor.py:161} INFO - Started process (PID=16145) to work on /mnt/d/My Apps/Airflow Demand Forecast Project/airflow-demand-forecasting/dags/demand_forecasting_pipeline.py
[2025-12-25T02:31:18.738+0900] {processor.py:830} INFO - Processing file /mnt/d/My Apps/Airflow Demand Forecast Project/airflow-demand-forecasting/dags/demand_forecasting_pipeline.py for tasks to queue
[2025-12-25T02:31:18.744+0900] {logging_mixin.py:188} INFO - [2025-12-25T02:31:18.743+0900] {dagbag.py:538} INFO - Filling up the DagBag from /mnt/d/My Apps/Airflow Demand Forecast Project/airflow-demand-forecasting/dags/demand_forecasting_pipeline.py
[2025-12-25T02:31:22.040+0900] {logging_mixin.py:188} INFO - [2025-12-25T02:31:22.039+0900] {plot.py:39} ERROR - Importing plotly failed. Interactive plots will not work.
[2025-12-25T02:31:22.142+0900] {processor.py:840} INFO - DAG(s) 'demand_forecasting_pipeline' retrieved from /mnt/d/My Apps/Airflow Demand Forecast Project/airflow-demand-forecasting/dags/demand_forecasting_pipeline.py
[2025-12-25T02:31:22.226+0900] {logging_mixin.py:188} INFO - [2025-12-25T02:31:22.225+0900] {dag.py:3036} INFO - Sync 1 DAGs
[2025-12-25T02:31:22.272+0900] {processor.py:183} INFO - Processing /mnt/d/My Apps/Airflow Demand Forecast Project/airflow-demand-forecasting/dags/demand_forecasting_pipeline.py took 3.539 seconds
[2025-12-25T02:31:53.024+0900] {processor.py:161} INFO - Started process (PID=16174) to work on /mnt/d/My Apps/Airflow Demand Forecast Project/airflow-demand-forecasting/dags/demand_forecasting_pipeline.py
[2025-12-25T02:31:53.025+0900] {processor.py:830} INFO - Processing file /mnt/d/My Apps/Airflow Demand Forecast Project/airflow-demand-forecasting/dags/demand_forecasting_pipeline.py for tasks to queue
[2025-12-25T02:31:53.028+0900] {logging_mixin.py:188} INFO - [2025-12-25T02:31:53.026+0900] {dagbag.py:538} INFO - Filling up the DagBag from /mnt/d/My Apps/Airflow Demand Forecast Project/airflow-demand-forecasting/dags/demand_forecasting_pipeline.py
[2025-12-25T02:31:55.866+0900] {logging_mixin.py:188} INFO - [2025-12-25T02:31:55.866+0900] {plot.py:39} ERROR - Importing plotly failed. Interactive plots will not work.
[2025-12-25T02:31:55.956+0900] {processor.py:840} INFO - DAG(s) 'demand_forecasting_pipeline' retrieved from /mnt/d/My Apps/Airflow Demand Forecast Project/airflow-demand-forecasting/dags/demand_forecasting_pipeline.py
[2025-12-25T02:31:56.021+0900] {logging_mixin.py:188} INFO - [2025-12-25T02:31:56.021+0900] {dag.py:3036} INFO - Sync 1 DAGs
[2025-12-25T02:31:56.065+0900] {processor.py:183} INFO - Processing /mnt/d/My Apps/Airflow Demand Forecast Project/airflow-demand-forecasting/dags/demand_forecasting_pipeline.py took 3.044 seconds
[2025-12-25T02:32:26.267+0900] {processor.py:161} INFO - Started process (PID=16197) to work on /mnt/d/My Apps/Airflow Demand Forecast Project/airflow-demand-forecasting/dags/demand_forecasting_pipeline.py
[2025-12-25T02:32:26.270+0900] {processor.py:830} INFO - Processing file /mnt/d/My Apps/Airflow Demand Forecast Project/airflow-demand-forecasting/dags/demand_forecasting_pipeline.py for tasks to queue
[2025-12-25T02:32:26.271+0900] {logging_mixin.py:188} INFO - [2025-12-25T02:32:26.270+0900] {dagbag.py:538} INFO - Filling up the DagBag from /mnt/d/My Apps/Airflow Demand Forecast Project/airflow-demand-forecasting/dags/demand_forecasting_pipeline.py
[2025-12-25T02:32:29.044+0900] {logging_mixin.py:188} INFO - [2025-12-25T02:32:29.043+0900] {plot.py:39} ERROR - Importing plotly failed. Interactive plots will not work.
[2025-12-25T02:32:29.134+0900] {processor.py:840} INFO - DAG(s) 'demand_forecasting_pipeline' retrieved from /mnt/d/My Apps/Airflow Demand Forecast Project/airflow-demand-forecasting/dags/demand_forecasting_pipeline.py
[2025-12-25T02:32:29.199+0900] {logging_mixin.py:188} INFO - [2025-12-25T02:32:29.199+0900] {dag.py:3036} INFO - Sync 1 DAGs
[2025-12-25T02:32:29.245+0900] {processor.py:183} INFO - Processing /mnt/d/My Apps/Airflow Demand Forecast Project/airflow-demand-forecasting/dags/demand_forecasting_pipeline.py took 2.981 seconds
[2025-12-25T02:32:59.524+0900] {processor.py:161} INFO - Started process (PID=16216) to work on /mnt/d/My Apps/Airflow Demand Forecast Project/airflow-demand-forecasting/dags/demand_forecasting_pipeline.py
[2025-12-25T02:32:59.525+0900] {processor.py:830} INFO - Processing file /mnt/d/My Apps/Airflow Demand Forecast Project/airflow-demand-forecasting/dags/demand_forecasting_pipeline.py for tasks to queue
[2025-12-25T02:32:59.527+0900] {logging_mixin.py:188} INFO - [2025-12-25T02:32:59.526+0900] {dagbag.py:538} INFO - Filling up the DagBag from /mnt/d/My Apps/Airflow Demand Forecast Project/airflow-demand-forecasting/dags/demand_forecasting_pipeline.py
[2025-12-25T02:33:02.303+0900] {logging_mixin.py:188} INFO - [2025-12-25T02:33:02.303+0900] {plot.py:39} ERROR - Importing plotly failed. Interactive plots will not work.
[2025-12-25T02:33:02.382+0900] {processor.py:840} INFO - DAG(s) 'demand_forecasting_pipeline' retrieved from /mnt/d/My Apps/Airflow Demand Forecast Project/airflow-demand-forecasting/dags/demand_forecasting_pipeline.py
[2025-12-25T02:33:02.447+0900] {logging_mixin.py:188} INFO - [2025-12-25T02:33:02.446+0900] {dag.py:3036} INFO - Sync 1 DAGs
[2025-12-25T02:33:02.492+0900] {processor.py:183} INFO - Processing /mnt/d/My Apps/Airflow Demand Forecast Project/airflow-demand-forecasting/dags/demand_forecasting_pipeline.py took 2.972 seconds
[2025-12-25T02:33:32.651+0900] {processor.py:161} INFO - Started process (PID=16235) to work on /mnt/d/My Apps/Airflow Demand Forecast Project/airflow-demand-forecasting/dags/demand_forecasting_pipeline.py
[2025-12-25T02:33:32.653+0900] {processor.py:830} INFO - Processing file /mnt/d/My Apps/Airflow Demand Forecast Project/airflow-demand-forecasting/dags/demand_forecasting_pipeline.py for tasks to queue
[2025-12-25T02:33:32.655+0900] {logging_mixin.py:188} INFO - [2025-12-25T02:33:32.654+0900] {dagbag.py:538} INFO - Filling up the DagBag from /mnt/d/My Apps/Airflow Demand Forecast Project/airflow-demand-forecasting/dags/demand_forecasting_pipeline.py
[2025-12-25T02:33:35.374+0900] {logging_mixin.py:188} INFO - [2025-12-25T02:33:35.374+0900] {plot.py:39} ERROR - Importing plotly failed. Interactive plots will not work.
[2025-12-25T02:33:35.450+0900] {processor.py:840} INFO - DAG(s) 'demand_forecasting_pipeline' retrieved from /mnt/d/My Apps/Airflow Demand Forecast Project/airflow-demand-forecasting/dags/demand_forecasting_pipeline.py
[2025-12-25T02:33:35.512+0900] {logging_mixin.py:188} INFO - [2025-12-25T02:33:35.511+0900] {dag.py:3036} INFO - Sync 1 DAGs
[2025-12-25T02:33:35.559+0900] {processor.py:183} INFO - Processing /mnt/d/My Apps/Airflow Demand Forecast Project/airflow-demand-forecasting/dags/demand_forecasting_pipeline.py took 2.911 seconds
[2025-12-25T02:34:05.901+0900] {processor.py:161} INFO - Started process (PID=16281) to work on /mnt/d/My Apps/Airflow Demand Forecast Project/airflow-demand-forecasting/dags/demand_forecasting_pipeline.py
[2025-12-25T02:34:05.903+0900] {processor.py:830} INFO - Processing file /mnt/d/My Apps/Airflow Demand Forecast Project/airflow-demand-forecasting/dags/demand_forecasting_pipeline.py for tasks to queue
[2025-12-25T02:34:05.906+0900] {logging_mixin.py:188} INFO - [2025-12-25T02:34:05.905+0900] {dagbag.py:538} INFO - Filling up the DagBag from /mnt/d/My Apps/Airflow Demand Forecast Project/airflow-demand-forecasting/dags/demand_forecasting_pipeline.py
[2025-12-25T02:34:08.648+0900] {logging_mixin.py:188} INFO - [2025-12-25T02:34:08.648+0900] {plot.py:39} ERROR - Importing plotly failed. Interactive plots will not work.
[2025-12-25T02:34:08.739+0900] {processor.py:840} INFO - DAG(s) 'demand_forecasting_pipeline' retrieved from /mnt/d/My Apps/Airflow Demand Forecast Project/airflow-demand-forecasting/dags/demand_forecasting_pipeline.py
[2025-12-25T02:34:08.808+0900] {logging_mixin.py:188} INFO - [2025-12-25T02:34:08.807+0900] {dag.py:3036} INFO - Sync 1 DAGs
[2025-12-25T02:34:08.857+0900] {processor.py:183} INFO - Processing /mnt/d/My Apps/Airflow Demand Forecast Project/airflow-demand-forecasting/dags/demand_forecasting_pipeline.py took 2.958 seconds
[2025-12-25T02:34:38.956+0900] {processor.py:161} INFO - Started process (PID=16304) to work on /mnt/d/My Apps/Airflow Demand Forecast Project/airflow-demand-forecasting/dags/demand_forecasting_pipeline.py
[2025-12-25T02:34:38.959+0900] {processor.py:830} INFO - Processing file /mnt/d/My Apps/Airflow Demand Forecast Project/airflow-demand-forecasting/dags/demand_forecasting_pipeline.py for tasks to queue
[2025-12-25T02:34:38.961+0900] {logging_mixin.py:188} INFO - [2025-12-25T02:34:38.959+0900] {dagbag.py:538} INFO - Filling up the DagBag from /mnt/d/My Apps/Airflow Demand Forecast Project/airflow-demand-forecasting/dags/demand_forecasting_pipeline.py
[2025-12-25T02:34:41.877+0900] {logging_mixin.py:188} INFO - [2025-12-25T02:34:41.877+0900] {plot.py:39} ERROR - Importing plotly failed. Interactive plots will not work.
[2025-12-25T02:34:41.960+0900] {processor.py:840} INFO - DAG(s) 'demand_forecasting_pipeline' retrieved from /mnt/d/My Apps/Airflow Demand Forecast Project/airflow-demand-forecasting/dags/demand_forecasting_pipeline.py
[2025-12-25T02:34:42.028+0900] {logging_mixin.py:188} INFO - [2025-12-25T02:34:42.028+0900] {dag.py:3036} INFO - Sync 1 DAGs
[2025-12-25T02:34:42.087+0900] {processor.py:183} INFO - Processing /mnt/d/My Apps/Airflow Demand Forecast Project/airflow-demand-forecasting/dags/demand_forecasting_pipeline.py took 3.133 seconds
[2025-12-25T02:35:12.517+0900] {processor.py:161} INFO - Started process (PID=16321) to work on /mnt/d/My Apps/Airflow Demand Forecast Project/airflow-demand-forecasting/dags/demand_forecasting_pipeline.py
[2025-12-25T02:35:12.519+0900] {processor.py:830} INFO - Processing file /mnt/d/My Apps/Airflow Demand Forecast Project/airflow-demand-forecasting/dags/demand_forecasting_pipeline.py for tasks to queue
[2025-12-25T02:35:12.521+0900] {logging_mixin.py:188} INFO - [2025-12-25T02:35:12.520+0900] {dagbag.py:538} INFO - Filling up the DagBag from /mnt/d/My Apps/Airflow Demand Forecast Project/airflow-demand-forecasting/dags/demand_forecasting_pipeline.py
[2025-12-25T02:35:15.578+0900] {logging_mixin.py:188} INFO - [2025-12-25T02:35:15.578+0900] {plot.py:39} ERROR - Importing plotly failed. Interactive plots will not work.
[2025-12-25T02:35:15.657+0900] {processor.py:840} INFO - DAG(s) 'demand_forecasting_pipeline' retrieved from /mnt/d/My Apps/Airflow Demand Forecast Project/airflow-demand-forecasting/dags/demand_forecasting_pipeline.py
[2025-12-25T02:35:15.718+0900] {logging_mixin.py:188} INFO - [2025-12-25T02:35:15.718+0900] {dag.py:3036} INFO - Sync 1 DAGs
[2025-12-25T02:35:15.766+0900] {processor.py:183} INFO - Processing /mnt/d/My Apps/Airflow Demand Forecast Project/airflow-demand-forecasting/dags/demand_forecasting_pipeline.py took 3.252 seconds
[2025-12-25T02:35:57.388+0900] {processor.py:161} INFO - Started process (PID=16375) to work on /mnt/d/My Apps/Airflow Demand Forecast Project/airflow-demand-forecasting/dags/demand_forecasting_pipeline.py
[2025-12-25T02:35:57.390+0900] {processor.py:830} INFO - Processing file /mnt/d/My Apps/Airflow Demand Forecast Project/airflow-demand-forecasting/dags/demand_forecasting_pipeline.py for tasks to queue
[2025-12-25T02:35:57.391+0900] {logging_mixin.py:188} INFO - [2025-12-25T02:35:57.390+0900] {dagbag.py:538} INFO - Filling up the DagBag from /mnt/d/My Apps/Airflow Demand Forecast Project/airflow-demand-forecasting/dags/demand_forecasting_pipeline.py
[2025-12-25T02:36:00.421+0900] {logging_mixin.py:188} INFO - [2025-12-25T02:36:00.420+0900] {plot.py:39} ERROR - Importing plotly failed. Interactive plots will not work.
[2025-12-25T02:36:00.508+0900] {processor.py:840} INFO - DAG(s) 'demand_forecasting_pipeline' retrieved from /mnt/d/My Apps/Airflow Demand Forecast Project/airflow-demand-forecasting/dags/demand_forecasting_pipeline.py
[2025-12-25T02:36:00.575+0900] {logging_mixin.py:188} INFO - [2025-12-25T02:36:00.575+0900] {dag.py:3036} INFO - Sync 1 DAGs
[2025-12-25T02:36:00.619+0900] {processor.py:183} INFO - Processing /mnt/d/My Apps/Airflow Demand Forecast Project/airflow-demand-forecasting/dags/demand_forecasting_pipeline.py took 3.233 seconds
[2025-12-25T02:36:39.406+0900] {processor.py:161} INFO - Started process (PID=16477) to work on /mnt/d/My Apps/Airflow Demand Forecast Project/airflow-demand-forecasting/dags/demand_forecasting_pipeline.py
[2025-12-25T02:36:39.408+0900] {processor.py:830} INFO - Processing file /mnt/d/My Apps/Airflow Demand Forecast Project/airflow-demand-forecasting/dags/demand_forecasting_pipeline.py for tasks to queue
[2025-12-25T02:36:39.409+0900] {logging_mixin.py:188} INFO - [2025-12-25T02:36:39.408+0900] {dagbag.py:538} INFO - Filling up the DagBag from /mnt/d/My Apps/Airflow Demand Forecast Project/airflow-demand-forecasting/dags/demand_forecasting_pipeline.py
[2025-12-25T02:36:42.320+0900] {logging_mixin.py:188} INFO - [2025-12-25T02:36:42.320+0900] {plot.py:39} ERROR - Importing plotly failed. Interactive plots will not work.
[2025-12-25T02:36:42.403+0900] {processor.py:840} INFO - DAG(s) 'demand_forecasting_pipeline' retrieved from /mnt/d/My Apps/Airflow Demand Forecast Project/airflow-demand-forecasting/dags/demand_forecasting_pipeline.py
[2025-12-25T02:36:42.464+0900] {logging_mixin.py:188} INFO - [2025-12-25T02:36:42.464+0900] {dag.py:3036} INFO - Sync 1 DAGs
[2025-12-25T02:36:42.519+0900] {processor.py:183} INFO - Processing /mnt/d/My Apps/Airflow Demand Forecast Project/airflow-demand-forecasting/dags/demand_forecasting_pipeline.py took 3.115 seconds
[2025-12-25T02:37:13.152+0900] {processor.py:161} INFO - Started process (PID=16515) to work on /mnt/d/My Apps/Airflow Demand Forecast Project/airflow-demand-forecasting/dags/demand_forecasting_pipeline.py
[2025-12-25T02:37:13.154+0900] {processor.py:830} INFO - Processing file /mnt/d/My Apps/Airflow Demand Forecast Project/airflow-demand-forecasting/dags/demand_forecasting_pipeline.py for tasks to queue
[2025-12-25T02:37:13.155+0900] {logging_mixin.py:188} INFO - [2025-12-25T02:37:13.155+0900] {dagbag.py:538} INFO - Filling up the DagBag from /mnt/d/My Apps/Airflow Demand Forecast Project/airflow-demand-forecasting/dags/demand_forecasting_pipeline.py
[2025-12-25T02:37:16.012+0900] {logging_mixin.py:188} INFO - [2025-12-25T02:37:16.011+0900] {plot.py:39} ERROR - Importing plotly failed. Interactive plots will not work.
[2025-12-25T02:37:16.095+0900] {processor.py:840} INFO - DAG(s) 'demand_forecasting_pipeline' retrieved from /mnt/d/My Apps/Airflow Demand Forecast Project/airflow-demand-forecasting/dags/demand_forecasting_pipeline.py
[2025-12-25T02:37:16.158+0900] {logging_mixin.py:188} INFO - [2025-12-25T02:37:16.157+0900] {dag.py:3036} INFO - Sync 1 DAGs
[2025-12-25T02:37:16.208+0900] {processor.py:183} INFO - Processing /mnt/d/My Apps/Airflow Demand Forecast Project/airflow-demand-forecasting/dags/demand_forecasting_pipeline.py took 3.058 seconds
[2025-12-25T02:37:46.418+0900] {processor.py:161} INFO - Started process (PID=16551) to work on /mnt/d/My Apps/Airflow Demand Forecast Project/airflow-demand-forecasting/dags/demand_forecasting_pipeline.py
[2025-12-25T02:37:46.419+0900] {processor.py:830} INFO - Processing file /mnt/d/My Apps/Airflow Demand Forecast Project/airflow-demand-forecasting/dags/demand_forecasting_pipeline.py for tasks to queue
[2025-12-25T02:37:46.421+0900] {logging_mixin.py:188} INFO - [2025-12-25T02:37:46.420+0900] {dagbag.py:538} INFO - Filling up the DagBag from /mnt/d/My Apps/Airflow Demand Forecast Project/airflow-demand-forecasting/dags/demand_forecasting_pipeline.py
[2025-12-25T02:37:49.062+0900] {logging_mixin.py:188} INFO - [2025-12-25T02:37:49.062+0900] {plot.py:39} ERROR - Importing plotly failed. Interactive plots will not work.
[2025-12-25T02:37:49.136+0900] {processor.py:840} INFO - DAG(s) 'demand_forecasting_pipeline' retrieved from /mnt/d/My Apps/Airflow Demand Forecast Project/airflow-demand-forecasting/dags/demand_forecasting_pipeline.py
[2025-12-25T02:37:49.208+0900] {logging_mixin.py:188} INFO - [2025-12-25T02:37:49.207+0900] {dag.py:3036} INFO - Sync 1 DAGs
[2025-12-25T02:37:49.255+0900] {processor.py:183} INFO - Processing /mnt/d/My Apps/Airflow Demand Forecast Project/airflow-demand-forecasting/dags/demand_forecasting_pipeline.py took 2.839 seconds
[2025-12-25T02:38:19.489+0900] {processor.py:161} INFO - Started process (PID=16570) to work on /mnt/d/My Apps/Airflow Demand Forecast Project/airflow-demand-forecasting/dags/demand_forecasting_pipeline.py
[2025-12-25T02:38:19.490+0900] {processor.py:830} INFO - Processing file /mnt/d/My Apps/Airflow Demand Forecast Project/airflow-demand-forecasting/dags/demand_forecasting_pipeline.py for tasks to queue
[2025-12-25T02:38:19.492+0900] {logging_mixin.py:188} INFO - [2025-12-25T02:38:19.491+0900] {dagbag.py:538} INFO - Filling up the DagBag from /mnt/d/My Apps/Airflow Demand Forecast Project/airflow-demand-forecasting/dags/demand_forecasting_pipeline.py
[2025-12-25T02:38:22.446+0900] {logging_mixin.py:188} INFO - [2025-12-25T02:38:22.445+0900] {plot.py:39} ERROR - Importing plotly failed. Interactive plots will not work.
[2025-12-25T02:38:22.521+0900] {processor.py:840} INFO - DAG(s) 'demand_forecasting_pipeline' retrieved from /mnt/d/My Apps/Airflow Demand Forecast Project/airflow-demand-forecasting/dags/demand_forecasting_pipeline.py
[2025-12-25T02:38:22.583+0900] {logging_mixin.py:188} INFO - [2025-12-25T02:38:22.582+0900] {dag.py:3036} INFO - Sync 1 DAGs
[2025-12-25T02:38:22.632+0900] {processor.py:183} INFO - Processing /mnt/d/My Apps/Airflow Demand Forecast Project/airflow-demand-forecasting/dags/demand_forecasting_pipeline.py took 3.146 seconds
[2025-12-25T02:38:52.878+0900] {processor.py:161} INFO - Started process (PID=16605) to work on /mnt/d/My Apps/Airflow Demand Forecast Project/airflow-demand-forecasting/dags/demand_forecasting_pipeline.py
[2025-12-25T02:38:52.880+0900] {processor.py:830} INFO - Processing file /mnt/d/My Apps/Airflow Demand Forecast Project/airflow-demand-forecasting/dags/demand_forecasting_pipeline.py for tasks to queue
[2025-12-25T02:38:52.883+0900] {logging_mixin.py:188} INFO - [2025-12-25T02:38:52.881+0900] {dagbag.py:538} INFO - Filling up the DagBag from /mnt/d/My Apps/Airflow Demand Forecast Project/airflow-demand-forecasting/dags/demand_forecasting_pipeline.py
[2025-12-25T02:38:55.899+0900] {logging_mixin.py:188} INFO - [2025-12-25T02:38:55.898+0900] {plot.py:39} ERROR - Importing plotly failed. Interactive plots will not work.
[2025-12-25T02:38:55.972+0900] {processor.py:840} INFO - DAG(s) 'demand_forecasting_pipeline' retrieved from /mnt/d/My Apps/Airflow Demand Forecast Project/airflow-demand-forecasting/dags/demand_forecasting_pipeline.py
[2025-12-25T02:38:56.050+0900] {logging_mixin.py:188} INFO - [2025-12-25T02:38:56.049+0900] {dag.py:3036} INFO - Sync 1 DAGs
[2025-12-25T02:38:56.096+0900] {processor.py:183} INFO - Processing /mnt/d/My Apps/Airflow Demand Forecast Project/airflow-demand-forecasting/dags/demand_forecasting_pipeline.py took 3.221 seconds
[2025-12-25T02:39:26.367+0900] {processor.py:161} INFO - Started process (PID=16647) to work on /mnt/d/My Apps/Airflow Demand Forecast Project/airflow-demand-forecasting/dags/demand_forecasting_pipeline.py
[2025-12-25T02:39:26.384+0900] {processor.py:830} INFO - Processing file /mnt/d/My Apps/Airflow Demand Forecast Project/airflow-demand-forecasting/dags/demand_forecasting_pipeline.py for tasks to queue
[2025-12-25T02:39:26.389+0900] {logging_mixin.py:188} INFO - [2025-12-25T02:39:26.389+0900] {dagbag.py:538} INFO - Filling up the DagBag from /mnt/d/My Apps/Airflow Demand Forecast Project/airflow-demand-forecasting/dags/demand_forecasting_pipeline.py
[2025-12-25T02:39:29.536+0900] {logging_mixin.py:188} INFO - [2025-12-25T02:39:29.535+0900] {plot.py:39} ERROR - Importing plotly failed. Interactive plots will not work.
[2025-12-25T02:39:29.610+0900] {processor.py:840} INFO - DAG(s) 'demand_forecasting_pipeline' retrieved from /mnt/d/My Apps/Airflow Demand Forecast Project/airflow-demand-forecasting/dags/demand_forecasting_pipeline.py
[2025-12-25T02:39:29.670+0900] {logging_mixin.py:188} INFO - [2025-12-25T02:39:29.670+0900] {dag.py:3036} INFO - Sync 1 DAGs
[2025-12-25T02:39:29.736+0900] {processor.py:183} INFO - Processing /mnt/d/My Apps/Airflow Demand Forecast Project/airflow-demand-forecasting/dags/demand_forecasting_pipeline.py took 3.371 seconds
[2025-12-25T02:39:59.889+0900] {processor.py:161} INFO - Started process (PID=16696) to work on /mnt/d/My Apps/Airflow Demand Forecast Project/airflow-demand-forecasting/dags/demand_forecasting_pipeline.py
[2025-12-25T02:39:59.890+0900] {processor.py:830} INFO - Processing file /mnt/d/My Apps/Airflow Demand Forecast Project/airflow-demand-forecasting/dags/demand_forecasting_pipeline.py for tasks to queue
[2025-12-25T02:39:59.892+0900] {logging_mixin.py:188} INFO - [2025-12-25T02:39:59.891+0900] {dagbag.py:538} INFO - Filling up the DagBag from /mnt/d/My Apps/Airflow Demand Forecast Project/airflow-demand-forecasting/dags/demand_forecasting_pipeline.py
[2025-12-25T02:40:02.846+0900] {logging_mixin.py:188} INFO - [2025-12-25T02:40:02.844+0900] {plot.py:39} ERROR - Importing plotly failed. Interactive plots will not work.
[2025-12-25T02:40:02.920+0900] {processor.py:840} INFO - DAG(s) 'demand_forecasting_pipeline' retrieved from /mnt/d/My Apps/Airflow Demand Forecast Project/airflow-demand-forecasting/dags/demand_forecasting_pipeline.py
[2025-12-25T02:40:02.982+0900] {logging_mixin.py:188} INFO - [2025-12-25T02:40:02.982+0900] {dag.py:3036} INFO - Sync 1 DAGs
[2025-12-25T02:40:03.041+0900] {processor.py:183} INFO - Processing /mnt/d/My Apps/Airflow Demand Forecast Project/airflow-demand-forecasting/dags/demand_forecasting_pipeline.py took 3.156 seconds
[2025-12-25T02:40:33.369+0900] {processor.py:161} INFO - Started process (PID=16749) to work on /mnt/d/My Apps/Airflow Demand Forecast Project/airflow-demand-forecasting/dags/demand_forecasting_pipeline.py
[2025-12-25T02:40:33.371+0900] {processor.py:830} INFO - Processing file /mnt/d/My Apps/Airflow Demand Forecast Project/airflow-demand-forecasting/dags/demand_forecasting_pipeline.py for tasks to queue
[2025-12-25T02:40:33.373+0900] {logging_mixin.py:188} INFO - [2025-12-25T02:40:33.371+0900] {dagbag.py:538} INFO - Filling up the DagBag from /mnt/d/My Apps/Airflow Demand Forecast Project/airflow-demand-forecasting/dags/demand_forecasting_pipeline.py
[2025-12-25T02:40:36.649+0900] {logging_mixin.py:188} INFO - [2025-12-25T02:40:36.648+0900] {plot.py:39} ERROR - Importing plotly failed. Interactive plots will not work.
[2025-12-25T02:40:36.740+0900] {processor.py:840} INFO - DAG(s) 'demand_forecasting_pipeline' retrieved from /mnt/d/My Apps/Airflow Demand Forecast Project/airflow-demand-forecasting/dags/demand_forecasting_pipeline.py
[2025-12-25T02:40:36.815+0900] {logging_mixin.py:188} INFO - [2025-12-25T02:40:36.814+0900] {dag.py:3036} INFO - Sync 1 DAGs
[2025-12-25T02:40:36.863+0900] {processor.py:183} INFO - Processing /mnt/d/My Apps/Airflow Demand Forecast Project/airflow-demand-forecasting/dags/demand_forecasting_pipeline.py took 3.496 seconds
[2025-12-25T02:41:07.106+0900] {processor.py:161} INFO - Started process (PID=16821) to work on /mnt/d/My Apps/Airflow Demand Forecast Project/airflow-demand-forecasting/dags/demand_forecasting_pipeline.py
[2025-12-25T02:41:07.107+0900] {processor.py:830} INFO - Processing file /mnt/d/My Apps/Airflow Demand Forecast Project/airflow-demand-forecasting/dags/demand_forecasting_pipeline.py for tasks to queue
[2025-12-25T02:41:07.109+0900] {logging_mixin.py:188} INFO - [2025-12-25T02:41:07.108+0900] {dagbag.py:538} INFO - Filling up the DagBag from /mnt/d/My Apps/Airflow Demand Forecast Project/airflow-demand-forecasting/dags/demand_forecasting_pipeline.py
[2025-12-25T02:41:10.149+0900] {logging_mixin.py:188} INFO - [2025-12-25T02:41:10.148+0900] {plot.py:39} ERROR - Importing plotly failed. Interactive plots will not work.
[2025-12-25T02:41:10.224+0900] {processor.py:840} INFO - DAG(s) 'demand_forecasting_pipeline' retrieved from /mnt/d/My Apps/Airflow Demand Forecast Project/airflow-demand-forecasting/dags/demand_forecasting_pipeline.py
[2025-12-25T02:41:10.315+0900] {logging_mixin.py:188} INFO - [2025-12-25T02:41:10.314+0900] {dag.py:3036} INFO - Sync 1 DAGs
[2025-12-25T02:41:10.398+0900] {processor.py:183} INFO - Processing /mnt/d/My Apps/Airflow Demand Forecast Project/airflow-demand-forecasting/dags/demand_forecasting_pipeline.py took 3.294 seconds
[2025-12-25T02:43:08.907+0900] {processor.py:161} INFO - Started process (PID=17095) to work on /mnt/d/My Apps/Airflow Demand Forecast Project/airflow-demand-forecasting/dags/demand_forecasting_pipeline.py
[2025-12-25T02:43:08.908+0900] {processor.py:830} INFO - Processing file /mnt/d/My Apps/Airflow Demand Forecast Project/airflow-demand-forecasting/dags/demand_forecasting_pipeline.py for tasks to queue
[2025-12-25T02:43:08.910+0900] {logging_mixin.py:188} INFO - [2025-12-25T02:43:08.909+0900] {dagbag.py:538} INFO - Filling up the DagBag from /mnt/d/My Apps/Airflow Demand Forecast Project/airflow-demand-forecasting/dags/demand_forecasting_pipeline.py
[2025-12-25T02:43:11.584+0900] {logging_mixin.py:188} INFO - [2025-12-25T02:43:11.584+0900] {plot.py:39} ERROR - Importing plotly failed. Interactive plots will not work.
[2025-12-25T02:43:11.651+0900] {processor.py:840} INFO - DAG(s) 'demand_forecasting_pipeline' retrieved from /mnt/d/My Apps/Airflow Demand Forecast Project/airflow-demand-forecasting/dags/demand_forecasting_pipeline.py
[2025-12-25T02:43:11.702+0900] {logging_mixin.py:188} INFO - [2025-12-25T02:43:11.702+0900] {dag.py:3036} INFO - Sync 1 DAGs
[2025-12-25T02:43:11.746+0900] {processor.py:183} INFO - Processing /mnt/d/My Apps/Airflow Demand Forecast Project/airflow-demand-forecasting/dags/demand_forecasting_pipeline.py took 2.841 seconds
[2025-12-25T02:43:48.264+0900] {processor.py:161} INFO - Started process (PID=17231) to work on /mnt/d/My Apps/Airflow Demand Forecast Project/airflow-demand-forecasting/dags/demand_forecasting_pipeline.py
[2025-12-25T02:43:48.265+0900] {processor.py:830} INFO - Processing file /mnt/d/My Apps/Airflow Demand Forecast Project/airflow-demand-forecasting/dags/demand_forecasting_pipeline.py for tasks to queue
[2025-12-25T02:43:48.266+0900] {logging_mixin.py:188} INFO - [2025-12-25T02:43:48.265+0900] {dagbag.py:538} INFO - Filling up the DagBag from /mnt/d/My Apps/Airflow Demand Forecast Project/airflow-demand-forecasting/dags/demand_forecasting_pipeline.py
[2025-12-25T02:43:51.108+0900] {logging_mixin.py:188} INFO - [2025-12-25T02:43:51.108+0900] {plot.py:39} ERROR - Importing plotly failed. Interactive plots will not work.
[2025-12-25T02:43:51.179+0900] {processor.py:840} INFO - DAG(s) 'demand_forecasting_pipeline' retrieved from /mnt/d/My Apps/Airflow Demand Forecast Project/airflow-demand-forecasting/dags/demand_forecasting_pipeline.py
[2025-12-25T02:43:51.233+0900] {logging_mixin.py:188} INFO - [2025-12-25T02:43:51.232+0900] {dag.py:3036} INFO - Sync 1 DAGs
[2025-12-25T02:43:51.277+0900] {processor.py:183} INFO - Processing /mnt/d/My Apps/Airflow Demand Forecast Project/airflow-demand-forecasting/dags/demand_forecasting_pipeline.py took 3.015 seconds
[2025-12-25T02:44:32.232+0900] {processor.py:161} INFO - Started process (PID=17317) to work on /mnt/d/My Apps/Airflow Demand Forecast Project/airflow-demand-forecasting/dags/demand_forecasting_pipeline.py
[2025-12-25T02:44:32.233+0900] {processor.py:830} INFO - Processing file /mnt/d/My Apps/Airflow Demand Forecast Project/airflow-demand-forecasting/dags/demand_forecasting_pipeline.py for tasks to queue
[2025-12-25T02:44:32.235+0900] {logging_mixin.py:188} INFO - [2025-12-25T02:44:32.234+0900] {dagbag.py:538} INFO - Filling up the DagBag from /mnt/d/My Apps/Airflow Demand Forecast Project/airflow-demand-forecasting/dags/demand_forecasting_pipeline.py
[2025-12-25T02:44:35.155+0900] {logging_mixin.py:188} INFO - [2025-12-25T02:44:35.155+0900] {plot.py:39} ERROR - Importing plotly failed. Interactive plots will not work.
[2025-12-25T02:44:35.233+0900] {processor.py:840} INFO - DAG(s) 'demand_forecasting_pipeline' retrieved from /mnt/d/My Apps/Airflow Demand Forecast Project/airflow-demand-forecasting/dags/demand_forecasting_pipeline.py
[2025-12-25T02:44:35.303+0900] {logging_mixin.py:188} INFO - [2025-12-25T02:44:35.303+0900] {dag.py:3036} INFO - Sync 1 DAGs
[2025-12-25T02:44:35.353+0900] {processor.py:183} INFO - Processing /mnt/d/My Apps/Airflow Demand Forecast Project/airflow-demand-forecasting/dags/demand_forecasting_pipeline.py took 3.123 seconds
[2025-12-25T02:45:13.253+0900] {processor.py:161} INFO - Started process (PID=17409) to work on /mnt/d/My Apps/Airflow Demand Forecast Project/airflow-demand-forecasting/dags/demand_forecasting_pipeline.py
[2025-12-25T02:45:13.254+0900] {processor.py:830} INFO - Processing file /mnt/d/My Apps/Airflow Demand Forecast Project/airflow-demand-forecasting/dags/demand_forecasting_pipeline.py for tasks to queue
[2025-12-25T02:45:13.255+0900] {logging_mixin.py:188} INFO - [2025-12-25T02:45:13.255+0900] {dagbag.py:538} INFO - Filling up the DagBag from /mnt/d/My Apps/Airflow Demand Forecast Project/airflow-demand-forecasting/dags/demand_forecasting_pipeline.py
[2025-12-25T02:45:17.974+0900] {logging_mixin.py:188} INFO - [2025-12-25T02:45:17.973+0900] {plot.py:39} ERROR - Importing plotly failed. Interactive plots will not work.
[2025-12-25T02:45:18.058+0900] {processor.py:840} INFO - DAG(s) 'demand_forecasting_pipeline' retrieved from /mnt/d/My Apps/Airflow Demand Forecast Project/airflow-demand-forecasting/dags/demand_forecasting_pipeline.py
[2025-12-25T02:45:18.130+0900] {logging_mixin.py:188} INFO - [2025-12-25T02:45:18.129+0900] {dag.py:3036} INFO - Sync 1 DAGs
[2025-12-25T02:45:18.187+0900] {processor.py:183} INFO - Processing /mnt/d/My Apps/Airflow Demand Forecast Project/airflow-demand-forecasting/dags/demand_forecasting_pipeline.py took 3.376 seconds
[2025-12-25T02:45:50.802+0900] {processor.py:161} INFO - Started process (PID=17427) to work on /mnt/d/My Apps/Airflow Demand Forecast Project/airflow-demand-forecasting/dags/demand_forecasting_pipeline.py
[2025-12-25T02:45:50.803+0900] {processor.py:830} INFO - Processing file /mnt/d/My Apps/Airflow Demand Forecast Project/airflow-demand-forecasting/dags/demand_forecasting_pipeline.py for tasks to queue
[2025-12-25T02:45:50.805+0900] {logging_mixin.py:188} INFO - [2025-12-25T02:45:50.804+0900] {dagbag.py:538} INFO - Filling up the DagBag from /mnt/d/My Apps/Airflow Demand Forecast Project/airflow-demand-forecasting/dags/demand_forecasting_pipeline.py
[2025-12-25T02:45:53.604+0900] {logging_mixin.py:188} INFO - [2025-12-25T02:45:53.603+0900] {plot.py:39} ERROR - Importing plotly failed. Interactive plots will not work.
[2025-12-25T02:45:53.670+0900] {processor.py:840} INFO - DAG(s) 'demand_forecasting_pipeline' retrieved from /mnt/d/My Apps/Airflow Demand Forecast Project/airflow-demand-forecasting/dags/demand_forecasting_pipeline.py
[2025-12-25T02:45:53.724+0900] {logging_mixin.py:188} INFO - [2025-12-25T02:45:53.724+0900] {dag.py:3036} INFO - Sync 1 DAGs
[2025-12-25T02:45:53.740+0900] {logging_mixin.py:188} INFO - [2025-12-25T02:45:53.739+0900] {dag.py:3823} INFO - Setting next_dagrun for demand_forecasting_pipeline to 2025-12-24 00:00:00+00:00, run_after=2025-12-25 00:00:00+00:00
[2025-12-25T02:45:53.768+0900] {processor.py:183} INFO - Processing /mnt/d/My Apps/Airflow Demand Forecast Project/airflow-demand-forecasting/dags/demand_forecasting_pipeline.py took 2.968 seconds
[2025-12-25T02:46:25.037+0900] {processor.py:161} INFO - Started process (PID=17444) to work on /mnt/d/My Apps/Airflow Demand Forecast Project/airflow-demand-forecasting/dags/demand_forecasting_pipeline.py
[2025-12-25T02:46:25.041+0900] {processor.py:830} INFO - Processing file /mnt/d/My Apps/Airflow Demand Forecast Project/airflow-demand-forecasting/dags/demand_forecasting_pipeline.py for tasks to queue
[2025-12-25T02:46:25.044+0900] {logging_mixin.py:188} INFO - [2025-12-25T02:46:25.043+0900] {dagbag.py:538} INFO - Filling up the DagBag from /mnt/d/My Apps/Airflow Demand Forecast Project/airflow-demand-forecasting/dags/demand_forecasting_pipeline.py
[2025-12-25T02:46:27.915+0900] {logging_mixin.py:188} INFO - [2025-12-25T02:46:27.914+0900] {plot.py:39} ERROR - Importing plotly failed. Interactive plots will not work.
[2025-12-25T02:46:28.017+0900] {processor.py:840} INFO - DAG(s) 'demand_forecasting_pipeline' retrieved from /mnt/d/My Apps/Airflow Demand Forecast Project/airflow-demand-forecasting/dags/demand_forecasting_pipeline.py
[2025-12-25T02:46:28.076+0900] {logging_mixin.py:188} INFO - [2025-12-25T02:46:28.075+0900] {dag.py:3036} INFO - Sync 1 DAGs
[2025-12-25T02:46:28.093+0900] {logging_mixin.py:188} INFO - [2025-12-25T02:46:28.092+0900] {dag.py:3823} INFO - Setting next_dagrun for demand_forecasting_pipeline to 2025-12-24 00:00:00+00:00, run_after=2025-12-25 00:00:00+00:00
[2025-12-25T02:46:28.135+0900] {processor.py:183} INFO - Processing /mnt/d/My Apps/Airflow Demand Forecast Project/airflow-demand-forecasting/dags/demand_forecasting_pipeline.py took 3.105 seconds
[2025-12-25T02:46:59.305+0900] {processor.py:161} INFO - Started process (PID=17461) to work on /mnt/d/My Apps/Airflow Demand Forecast Project/airflow-demand-forecasting/dags/demand_forecasting_pipeline.py
[2025-12-25T02:46:59.306+0900] {processor.py:830} INFO - Processing file /mnt/d/My Apps/Airflow Demand Forecast Project/airflow-demand-forecasting/dags/demand_forecasting_pipeline.py for tasks to queue
[2025-12-25T02:46:59.309+0900] {logging_mixin.py:188} INFO - [2025-12-25T02:46:59.308+0900] {dagbag.py:538} INFO - Filling up the DagBag from /mnt/d/My Apps/Airflow Demand Forecast Project/airflow-demand-forecasting/dags/demand_forecasting_pipeline.py
[2025-12-25T02:47:02.852+0900] {logging_mixin.py:188} INFO - [2025-12-25T02:47:02.851+0900] {plot.py:39} ERROR - Importing plotly failed. Interactive plots will not work.
[2025-12-25T02:47:02.978+0900] {processor.py:840} INFO - DAG(s) 'demand_forecasting_pipeline' retrieved from /mnt/d/My Apps/Airflow Demand Forecast Project/airflow-demand-forecasting/dags/demand_forecasting_pipeline.py
[2025-12-25T02:47:03.063+0900] {logging_mixin.py:188} INFO - [2025-12-25T02:47:03.063+0900] {dag.py:3036} INFO - Sync 1 DAGs
[2025-12-25T02:47:03.080+0900] {logging_mixin.py:188} INFO - [2025-12-25T02:47:03.079+0900] {dag.py:3823} INFO - Setting next_dagrun for demand_forecasting_pipeline to 2025-12-24 00:00:00+00:00, run_after=2025-12-25 00:00:00+00:00
[2025-12-25T02:47:03.112+0900] {processor.py:183} INFO - Processing /mnt/d/My Apps/Airflow Demand Forecast Project/airflow-demand-forecasting/dags/demand_forecasting_pipeline.py took 3.808 seconds
[2025-12-25T02:47:33.485+0900] {processor.py:161} INFO - Started process (PID=17481) to work on /mnt/d/My Apps/Airflow Demand Forecast Project/airflow-demand-forecasting/dags/demand_forecasting_pipeline.py
[2025-12-25T02:47:33.487+0900] {processor.py:830} INFO - Processing file /mnt/d/My Apps/Airflow Demand Forecast Project/airflow-demand-forecasting/dags/demand_forecasting_pipeline.py for tasks to queue
[2025-12-25T02:47:33.488+0900] {logging_mixin.py:188} INFO - [2025-12-25T02:47:33.488+0900] {dagbag.py:538} INFO - Filling up the DagBag from /mnt/d/My Apps/Airflow Demand Forecast Project/airflow-demand-forecasting/dags/demand_forecasting_pipeline.py
[2025-12-25T02:47:37.996+0900] {logging_mixin.py:188} INFO - [2025-12-25T02:47:37.995+0900] {plot.py:39} ERROR - Importing plotly failed. Interactive plots will not work.
[2025-12-25T02:47:38.171+0900] {processor.py:840} INFO - DAG(s) 'demand_forecasting_pipeline' retrieved from /mnt/d/My Apps/Airflow Demand Forecast Project/airflow-demand-forecasting/dags/demand_forecasting_pipeline.py
[2025-12-25T02:47:38.240+0900] {logging_mixin.py:188} INFO - [2025-12-25T02:47:38.240+0900] {dag.py:3036} INFO - Sync 1 DAGs
[2025-12-25T02:47:38.256+0900] {logging_mixin.py:188} INFO - [2025-12-25T02:47:38.255+0900] {dag.py:3823} INFO - Setting next_dagrun for demand_forecasting_pipeline to 2025-12-24 00:00:00+00:00, run_after=2025-12-25 00:00:00+00:00
[2025-12-25T02:47:38.288+0900] {processor.py:183} INFO - Processing /mnt/d/My Apps/Airflow Demand Forecast Project/airflow-demand-forecasting/dags/demand_forecasting_pipeline.py took 4.805 seconds
[2025-12-25T02:48:08.995+0900] {processor.py:161} INFO - Started process (PID=17498) to work on /mnt/d/My Apps/Airflow Demand Forecast Project/airflow-demand-forecasting/dags/demand_forecasting_pipeline.py
[2025-12-25T02:48:08.996+0900] {processor.py:830} INFO - Processing file /mnt/d/My Apps/Airflow Demand Forecast Project/airflow-demand-forecasting/dags/demand_forecasting_pipeline.py for tasks to queue
[2025-12-25T02:48:08.998+0900] {logging_mixin.py:188} INFO - [2025-12-25T02:48:08.997+0900] {dagbag.py:538} INFO - Filling up the DagBag from /mnt/d/My Apps/Airflow Demand Forecast Project/airflow-demand-forecasting/dags/demand_forecasting_pipeline.py
[2025-12-25T02:48:11.592+0900] {logging_mixin.py:188} INFO - [2025-12-25T02:48:11.592+0900] {plot.py:39} ERROR - Importing plotly failed. Interactive plots will not work.
[2025-12-25T02:48:11.656+0900] {processor.py:840} INFO - DAG(s) 'demand_forecasting_pipeline' retrieved from /mnt/d/My Apps/Airflow Demand Forecast Project/airflow-demand-forecasting/dags/demand_forecasting_pipeline.py
[2025-12-25T02:48:11.715+0900] {logging_mixin.py:188} INFO - [2025-12-25T02:48:11.714+0900] {dag.py:3036} INFO - Sync 1 DAGs
[2025-12-25T02:48:11.729+0900] {logging_mixin.py:188} INFO - [2025-12-25T02:48:11.729+0900] {dag.py:3823} INFO - Setting next_dagrun for demand_forecasting_pipeline to 2025-12-24 00:00:00+00:00, run_after=2025-12-25 00:00:00+00:00
[2025-12-25T02:48:11.758+0900] {processor.py:183} INFO - Processing /mnt/d/My Apps/Airflow Demand Forecast Project/airflow-demand-forecasting/dags/demand_forecasting_pipeline.py took 2.765 seconds
[2025-12-25T02:48:42.169+0900] {processor.py:161} INFO - Started process (PID=17530) to work on /mnt/d/My Apps/Airflow Demand Forecast Project/airflow-demand-forecasting/dags/demand_forecasting_pipeline.py
[2025-12-25T02:48:42.171+0900] {processor.py:830} INFO - Processing file /mnt/d/My Apps/Airflow Demand Forecast Project/airflow-demand-forecasting/dags/demand_forecasting_pipeline.py for tasks to queue
[2025-12-25T02:48:42.172+0900] {logging_mixin.py:188} INFO - [2025-12-25T02:48:42.171+0900] {dagbag.py:538} INFO - Filling up the DagBag from /mnt/d/My Apps/Airflow Demand Forecast Project/airflow-demand-forecasting/dags/demand_forecasting_pipeline.py
[2025-12-25T02:48:45.195+0900] {logging_mixin.py:188} INFO - [2025-12-25T02:48:45.194+0900] {plot.py:39} ERROR - Importing plotly failed. Interactive plots will not work.
[2025-12-25T02:48:45.265+0900] {processor.py:840} INFO - DAG(s) 'demand_forecasting_pipeline' retrieved from /mnt/d/My Apps/Airflow Demand Forecast Project/airflow-demand-forecasting/dags/demand_forecasting_pipeline.py
[2025-12-25T02:48:45.330+0900] {logging_mixin.py:188} INFO - [2025-12-25T02:48:45.330+0900] {dag.py:3036} INFO - Sync 1 DAGs
[2025-12-25T02:48:45.347+0900] {logging_mixin.py:188} INFO - [2025-12-25T02:48:45.346+0900] {dag.py:3823} INFO - Setting next_dagrun for demand_forecasting_pipeline to 2025-12-24 00:00:00+00:00, run_after=2025-12-25 00:00:00+00:00
[2025-12-25T02:48:45.394+0900] {processor.py:183} INFO - Processing /mnt/d/My Apps/Airflow Demand Forecast Project/airflow-demand-forecasting/dags/demand_forecasting_pipeline.py took 3.227 seconds
[2025-12-25T02:49:15.523+0900] {processor.py:161} INFO - Started process (PID=17556) to work on /mnt/d/My Apps/Airflow Demand Forecast Project/airflow-demand-forecasting/dags/demand_forecasting_pipeline.py
[2025-12-25T02:49:15.524+0900] {processor.py:830} INFO - Processing file /mnt/d/My Apps/Airflow Demand Forecast Project/airflow-demand-forecasting/dags/demand_forecasting_pipeline.py for tasks to queue
[2025-12-25T02:49:15.525+0900] {logging_mixin.py:188} INFO - [2025-12-25T02:49:15.525+0900] {dagbag.py:538} INFO - Filling up the DagBag from /mnt/d/My Apps/Airflow Demand Forecast Project/airflow-demand-forecasting/dags/demand_forecasting_pipeline.py
[2025-12-25T02:49:18.329+0900] {logging_mixin.py:188} INFO - [2025-12-25T02:49:18.329+0900] {plot.py:39} ERROR - Importing plotly failed. Interactive plots will not work.
[2025-12-25T02:49:18.402+0900] {processor.py:840} INFO - DAG(s) 'demand_forecasting_pipeline' retrieved from /mnt/d/My Apps/Airflow Demand Forecast Project/airflow-demand-forecasting/dags/demand_forecasting_pipeline.py
[2025-12-25T02:49:18.464+0900] {logging_mixin.py:188} INFO - [2025-12-25T02:49:18.464+0900] {dag.py:3036} INFO - Sync 1 DAGs
[2025-12-25T02:49:18.480+0900] {logging_mixin.py:188} INFO - [2025-12-25T02:49:18.479+0900] {dag.py:3823} INFO - Setting next_dagrun for demand_forecasting_pipeline to 2025-12-24 00:00:00+00:00, run_after=2025-12-25 00:00:00+00:00
[2025-12-25T02:49:18.512+0900] {processor.py:183} INFO - Processing /mnt/d/My Apps/Airflow Demand Forecast Project/airflow-demand-forecasting/dags/demand_forecasting_pipeline.py took 2.992 seconds
[2025-12-25T02:49:48.748+0900] {processor.py:161} INFO - Started process (PID=17577) to work on /mnt/d/My Apps/Airflow Demand Forecast Project/airflow-demand-forecasting/dags/demand_forecasting_pipeline.py
[2025-12-25T02:49:48.750+0900] {processor.py:830} INFO - Processing file /mnt/d/My Apps/Airflow Demand Forecast Project/airflow-demand-forecasting/dags/demand_forecasting_pipeline.py for tasks to queue
[2025-12-25T02:49:48.752+0900] {logging_mixin.py:188} INFO - [2025-12-25T02:49:48.751+0900] {dagbag.py:538} INFO - Filling up the DagBag from /mnt/d/My Apps/Airflow Demand Forecast Project/airflow-demand-forecasting/dags/demand_forecasting_pipeline.py
[2025-12-25T02:49:51.393+0900] {logging_mixin.py:188} INFO - [2025-12-25T02:49:51.393+0900] {plot.py:39} ERROR - Importing plotly failed. Interactive plots will not work.
[2025-12-25T02:49:51.467+0900] {processor.py:840} INFO - DAG(s) 'demand_forecasting_pipeline' retrieved from /mnt/d/My Apps/Airflow Demand Forecast Project/airflow-demand-forecasting/dags/demand_forecasting_pipeline.py
[2025-12-25T02:49:51.520+0900] {logging_mixin.py:188} INFO - [2025-12-25T02:49:51.519+0900] {dag.py:3036} INFO - Sync 1 DAGs
[2025-12-25T02:49:51.535+0900] {logging_mixin.py:188} INFO - [2025-12-25T02:49:51.534+0900] {dag.py:3823} INFO - Setting next_dagrun for demand_forecasting_pipeline to 2025-12-24 00:00:00+00:00, run_after=2025-12-25 00:00:00+00:00
[2025-12-25T02:49:51.565+0900] {processor.py:183} INFO - Processing /mnt/d/My Apps/Airflow Demand Forecast Project/airflow-demand-forecasting/dags/demand_forecasting_pipeline.py took 2.820 seconds
[2025-12-25T02:50:22.774+0900] {processor.py:161} INFO - Started process (PID=17617) to work on /mnt/d/My Apps/Airflow Demand Forecast Project/airflow-demand-forecasting/dags/demand_forecasting_pipeline.py
[2025-12-25T02:50:22.775+0900] {processor.py:830} INFO - Processing file /mnt/d/My Apps/Airflow Demand Forecast Project/airflow-demand-forecasting/dags/demand_forecasting_pipeline.py for tasks to queue
[2025-12-25T02:50:22.777+0900] {logging_mixin.py:188} INFO - [2025-12-25T02:50:22.776+0900] {dagbag.py:538} INFO - Filling up the DagBag from /mnt/d/My Apps/Airflow Demand Forecast Project/airflow-demand-forecasting/dags/demand_forecasting_pipeline.py
[2025-12-25T02:50:25.420+0900] {logging_mixin.py:188} INFO - [2025-12-25T02:50:25.419+0900] {plot.py:39} ERROR - Importing plotly failed. Interactive plots will not work.
[2025-12-25T02:50:25.486+0900] {processor.py:840} INFO - DAG(s) 'demand_forecasting_pipeline' retrieved from /mnt/d/My Apps/Airflow Demand Forecast Project/airflow-demand-forecasting/dags/demand_forecasting_pipeline.py
[2025-12-25T02:50:25.547+0900] {logging_mixin.py:188} INFO - [2025-12-25T02:50:25.546+0900] {dag.py:3036} INFO - Sync 1 DAGs
[2025-12-25T02:50:25.562+0900] {logging_mixin.py:188} INFO - [2025-12-25T02:50:25.561+0900] {dag.py:3823} INFO - Setting next_dagrun for demand_forecasting_pipeline to 2025-12-24 00:00:00+00:00, run_after=2025-12-25 00:00:00+00:00
[2025-12-25T02:50:25.610+0900] {processor.py:183} INFO - Processing /mnt/d/My Apps/Airflow Demand Forecast Project/airflow-demand-forecasting/dags/demand_forecasting_pipeline.py took 2.838 seconds
[2025-12-25T02:50:55.816+0900] {processor.py:161} INFO - Started process (PID=17634) to work on /mnt/d/My Apps/Airflow Demand Forecast Project/airflow-demand-forecasting/dags/demand_forecasting_pipeline.py
[2025-12-25T02:50:55.817+0900] {processor.py:830} INFO - Processing file /mnt/d/My Apps/Airflow Demand Forecast Project/airflow-demand-forecasting/dags/demand_forecasting_pipeline.py for tasks to queue
[2025-12-25T02:50:55.818+0900] {logging_mixin.py:188} INFO - [2025-12-25T02:50:55.818+0900] {dagbag.py:538} INFO - Filling up the DagBag from /mnt/d/My Apps/Airflow Demand Forecast Project/airflow-demand-forecasting/dags/demand_forecasting_pipeline.py
[2025-12-25T02:50:58.514+0900] {logging_mixin.py:188} INFO - [2025-12-25T02:50:58.514+0900] {plot.py:39} ERROR - Importing plotly failed. Interactive plots will not work.
[2025-12-25T02:50:58.662+0900] {processor.py:840} INFO - DAG(s) 'demand_forecasting_pipeline' retrieved from /mnt/d/My Apps/Airflow Demand Forecast Project/airflow-demand-forecasting/dags/demand_forecasting_pipeline.py
[2025-12-25T02:50:58.719+0900] {logging_mixin.py:188} INFO - [2025-12-25T02:50:58.719+0900] {dag.py:3036} INFO - Sync 1 DAGs
[2025-12-25T02:50:58.733+0900] {logging_mixin.py:188} INFO - [2025-12-25T02:50:58.733+0900] {dag.py:3823} INFO - Setting next_dagrun for demand_forecasting_pipeline to 2025-12-24 00:00:00+00:00, run_after=2025-12-25 00:00:00+00:00
[2025-12-25T02:50:58.764+0900] {processor.py:183} INFO - Processing /mnt/d/My Apps/Airflow Demand Forecast Project/airflow-demand-forecasting/dags/demand_forecasting_pipeline.py took 2.950 seconds
[2025-12-25T02:51:30.188+0900] {processor.py:161} INFO - Started process (PID=17652) to work on /mnt/d/My Apps/Airflow Demand Forecast Project/airflow-demand-forecasting/dags/demand_forecasting_pipeline.py
[2025-12-25T02:51:30.189+0900] {processor.py:830} INFO - Processing file /mnt/d/My Apps/Airflow Demand Forecast Project/airflow-demand-forecasting/dags/demand_forecasting_pipeline.py for tasks to queue
[2025-12-25T02:51:30.190+0900] {logging_mixin.py:188} INFO - [2025-12-25T02:51:30.190+0900] {dagbag.py:538} INFO - Filling up the DagBag from /mnt/d/My Apps/Airflow Demand Forecast Project/airflow-demand-forecasting/dags/demand_forecasting_pipeline.py
[2025-12-25T02:51:32.878+0900] {logging_mixin.py:188} INFO - [2025-12-25T02:51:32.878+0900] {plot.py:39} ERROR - Importing plotly failed. Interactive plots will not work.
[2025-12-25T02:51:32.947+0900] {processor.py:840} INFO - DAG(s) 'demand_forecasting_pipeline' retrieved from /mnt/d/My Apps/Airflow Demand Forecast Project/airflow-demand-forecasting/dags/demand_forecasting_pipeline.py
[2025-12-25T02:51:33.001+0900] {logging_mixin.py:188} INFO - [2025-12-25T02:51:33.001+0900] {dag.py:3036} INFO - Sync 1 DAGs
[2025-12-25T02:51:33.016+0900] {logging_mixin.py:188} INFO - [2025-12-25T02:51:33.016+0900] {dag.py:3823} INFO - Setting next_dagrun for demand_forecasting_pipeline to 2025-12-24 00:00:00+00:00, run_after=2025-12-25 00:00:00+00:00
[2025-12-25T02:51:33.047+0900] {processor.py:183} INFO - Processing /mnt/d/My Apps/Airflow Demand Forecast Project/airflow-demand-forecasting/dags/demand_forecasting_pipeline.py took 2.862 seconds
[2025-12-25T02:52:04.206+0900] {processor.py:161} INFO - Started process (PID=17669) to work on /mnt/d/My Apps/Airflow Demand Forecast Project/airflow-demand-forecasting/dags/demand_forecasting_pipeline.py
[2025-12-25T02:52:04.207+0900] {processor.py:830} INFO - Processing file /mnt/d/My Apps/Airflow Demand Forecast Project/airflow-demand-forecasting/dags/demand_forecasting_pipeline.py for tasks to queue
[2025-12-25T02:52:04.209+0900] {logging_mixin.py:188} INFO - [2025-12-25T02:52:04.208+0900] {dagbag.py:538} INFO - Filling up the DagBag from /mnt/d/My Apps/Airflow Demand Forecast Project/airflow-demand-forecasting/dags/demand_forecasting_pipeline.py
[2025-12-25T02:52:07.294+0900] {logging_mixin.py:188} INFO - [2025-12-25T02:52:07.294+0900] {plot.py:39} ERROR - Importing plotly failed. Interactive plots will not work.
[2025-12-25T02:52:07.391+0900] {processor.py:840} INFO - DAG(s) 'demand_forecasting_pipeline' retrieved from /mnt/d/My Apps/Airflow Demand Forecast Project/airflow-demand-forecasting/dags/demand_forecasting_pipeline.py
[2025-12-25T02:52:07.469+0900] {logging_mixin.py:188} INFO - [2025-12-25T02:52:07.468+0900] {dag.py:3036} INFO - Sync 1 DAGs
[2025-12-25T02:52:07.488+0900] {logging_mixin.py:188} INFO - [2025-12-25T02:52:07.487+0900] {dag.py:3823} INFO - Setting next_dagrun for demand_forecasting_pipeline to 2025-12-24 00:00:00+00:00, run_after=2025-12-25 00:00:00+00:00
[2025-12-25T02:52:07.527+0900] {processor.py:183} INFO - Processing /mnt/d/My Apps/Airflow Demand Forecast Project/airflow-demand-forecasting/dags/demand_forecasting_pipeline.py took 3.323 seconds
[2025-12-25T02:52:37.703+0900] {processor.py:161} INFO - Started process (PID=17686) to work on /mnt/d/My Apps/Airflow Demand Forecast Project/airflow-demand-forecasting/dags/demand_forecasting_pipeline.py
[2025-12-25T02:52:37.704+0900] {processor.py:830} INFO - Processing file /mnt/d/My Apps/Airflow Demand Forecast Project/airflow-demand-forecasting/dags/demand_forecasting_pipeline.py for tasks to queue
[2025-12-25T02:52:37.706+0900] {logging_mixin.py:188} INFO - [2025-12-25T02:52:37.705+0900] {dagbag.py:538} INFO - Filling up the DagBag from /mnt/d/My Apps/Airflow Demand Forecast Project/airflow-demand-forecasting/dags/demand_forecasting_pipeline.py
[2025-12-25T02:52:40.385+0900] {logging_mixin.py:188} INFO - [2025-12-25T02:52:40.385+0900] {plot.py:39} ERROR - Importing plotly failed. Interactive plots will not work.
[2025-12-25T02:52:40.453+0900] {processor.py:840} INFO - DAG(s) 'demand_forecasting_pipeline' retrieved from /mnt/d/My Apps/Airflow Demand Forecast Project/airflow-demand-forecasting/dags/demand_forecasting_pipeline.py
[2025-12-25T02:52:40.510+0900] {logging_mixin.py:188} INFO - [2025-12-25T02:52:40.510+0900] {dag.py:3036} INFO - Sync 1 DAGs
[2025-12-25T02:52:40.525+0900] {logging_mixin.py:188} INFO - [2025-12-25T02:52:40.525+0900] {dag.py:3823} INFO - Setting next_dagrun for demand_forecasting_pipeline to 2025-12-24 00:00:00+00:00, run_after=2025-12-25 00:00:00+00:00
[2025-12-25T02:52:40.555+0900] {processor.py:183} INFO - Processing /mnt/d/My Apps/Airflow Demand Forecast Project/airflow-demand-forecasting/dags/demand_forecasting_pipeline.py took 2.854 seconds
[2025-12-25T02:53:11.785+0900] {processor.py:161} INFO - Started process (PID=17703) to work on /mnt/d/My Apps/Airflow Demand Forecast Project/airflow-demand-forecasting/dags/demand_forecasting_pipeline.py
[2025-12-25T02:53:11.786+0900] {processor.py:830} INFO - Processing file /mnt/d/My Apps/Airflow Demand Forecast Project/airflow-demand-forecasting/dags/demand_forecasting_pipeline.py for tasks to queue
[2025-12-25T02:53:11.787+0900] {logging_mixin.py:188} INFO - [2025-12-25T02:53:11.787+0900] {dagbag.py:538} INFO - Filling up the DagBag from /mnt/d/My Apps/Airflow Demand Forecast Project/airflow-demand-forecasting/dags/demand_forecasting_pipeline.py
[2025-12-25T02:53:14.413+0900] {logging_mixin.py:188} INFO - [2025-12-25T02:53:14.413+0900] {plot.py:39} ERROR - Importing plotly failed. Interactive plots will not work.
[2025-12-25T02:53:14.477+0900] {processor.py:840} INFO - DAG(s) 'demand_forecasting_pipeline' retrieved from /mnt/d/My Apps/Airflow Demand Forecast Project/airflow-demand-forecasting/dags/demand_forecasting_pipeline.py
[2025-12-25T02:53:14.536+0900] {logging_mixin.py:188} INFO - [2025-12-25T02:53:14.536+0900] {dag.py:3036} INFO - Sync 1 DAGs
[2025-12-25T02:53:14.552+0900] {logging_mixin.py:188} INFO - [2025-12-25T02:53:14.551+0900] {dag.py:3823} INFO - Setting next_dagrun for demand_forecasting_pipeline to 2025-12-24 00:00:00+00:00, run_after=2025-12-25 00:00:00+00:00
[2025-12-25T02:53:14.582+0900] {processor.py:183} INFO - Processing /mnt/d/My Apps/Airflow Demand Forecast Project/airflow-demand-forecasting/dags/demand_forecasting_pipeline.py took 2.800 seconds
[2025-12-25T02:53:45.280+0900] {processor.py:161} INFO - Started process (PID=17720) to work on /mnt/d/My Apps/Airflow Demand Forecast Project/airflow-demand-forecasting/dags/demand_forecasting_pipeline.py
[2025-12-25T02:53:45.281+0900] {processor.py:830} INFO - Processing file /mnt/d/My Apps/Airflow Demand Forecast Project/airflow-demand-forecasting/dags/demand_forecasting_pipeline.py for tasks to queue
[2025-12-25T02:53:45.282+0900] {logging_mixin.py:188} INFO - [2025-12-25T02:53:45.282+0900] {dagbag.py:538} INFO - Filling up the DagBag from /mnt/d/My Apps/Airflow Demand Forecast Project/airflow-demand-forecasting/dags/demand_forecasting_pipeline.py
[2025-12-25T02:53:47.854+0900] {logging_mixin.py:188} INFO - [2025-12-25T02:53:47.854+0900] {plot.py:39} ERROR - Importing plotly failed. Interactive plots will not work.
[2025-12-25T02:53:47.916+0900] {processor.py:840} INFO - DAG(s) 'demand_forecasting_pipeline' retrieved from /mnt/d/My Apps/Airflow Demand Forecast Project/airflow-demand-forecasting/dags/demand_forecasting_pipeline.py
[2025-12-25T02:53:47.980+0900] {logging_mixin.py:188} INFO - [2025-12-25T02:53:47.979+0900] {dag.py:3036} INFO - Sync 1 DAGs
[2025-12-25T02:53:47.994+0900] {logging_mixin.py:188} INFO - [2025-12-25T02:53:47.994+0900] {dag.py:3823} INFO - Setting next_dagrun for demand_forecasting_pipeline to 2025-12-24 00:00:00+00:00, run_after=2025-12-25 00:00:00+00:00
[2025-12-25T02:53:48.022+0900] {processor.py:183} INFO - Processing /mnt/d/My Apps/Airflow Demand Forecast Project/airflow-demand-forecasting/dags/demand_forecasting_pipeline.py took 2.744 seconds
[2025-12-25T02:54:18.856+0900] {processor.py:161} INFO - Started process (PID=17737) to work on /mnt/d/My Apps/Airflow Demand Forecast Project/airflow-demand-forecasting/dags/demand_forecasting_pipeline.py
[2025-12-25T02:54:18.857+0900] {processor.py:830} INFO - Processing file /mnt/d/My Apps/Airflow Demand Forecast Project/airflow-demand-forecasting/dags/demand_forecasting_pipeline.py for tasks to queue
[2025-12-25T02:54:18.859+0900] {logging_mixin.py:188} INFO - [2025-12-25T02:54:18.858+0900] {dagbag.py:538} INFO - Filling up the DagBag from /mnt/d/My Apps/Airflow Demand Forecast Project/airflow-demand-forecasting/dags/demand_forecasting_pipeline.py
[2025-12-25T02:54:21.722+0900] {logging_mixin.py:188} INFO - [2025-12-25T02:54:21.721+0900] {plot.py:39} ERROR - Importing plotly failed. Interactive plots will not work.
[2025-12-25T02:54:21.788+0900] {processor.py:840} INFO - DAG(s) 'demand_forecasting_pipeline' retrieved from /mnt/d/My Apps/Airflow Demand Forecast Project/airflow-demand-forecasting/dags/demand_forecasting_pipeline.py
[2025-12-25T02:54:21.841+0900] {logging_mixin.py:188} INFO - [2025-12-25T02:54:21.841+0900] {dag.py:3036} INFO - Sync 1 DAGs
[2025-12-25T02:54:21.858+0900] {logging_mixin.py:188} INFO - [2025-12-25T02:54:21.857+0900] {dag.py:3823} INFO - Setting next_dagrun for demand_forecasting_pipeline to 2025-12-24 00:00:00+00:00, run_after=2025-12-25 00:00:00+00:00
[2025-12-25T02:54:21.903+0900] {processor.py:183} INFO - Processing /mnt/d/My Apps/Airflow Demand Forecast Project/airflow-demand-forecasting/dags/demand_forecasting_pipeline.py took 3.050 seconds
[2025-12-25T02:54:52.027+0900] {processor.py:161} INFO - Started process (PID=17754) to work on /mnt/d/My Apps/Airflow Demand Forecast Project/airflow-demand-forecasting/dags/demand_forecasting_pipeline.py
[2025-12-25T02:54:52.028+0900] {processor.py:830} INFO - Processing file /mnt/d/My Apps/Airflow Demand Forecast Project/airflow-demand-forecasting/dags/demand_forecasting_pipeline.py for tasks to queue
[2025-12-25T02:54:52.029+0900] {logging_mixin.py:188} INFO - [2025-12-25T02:54:52.028+0900] {dagbag.py:538} INFO - Filling up the DagBag from /mnt/d/My Apps/Airflow Demand Forecast Project/airflow-demand-forecasting/dags/demand_forecasting_pipeline.py
[2025-12-25T02:54:55.229+0900] {logging_mixin.py:188} INFO - [2025-12-25T02:54:55.229+0900] {plot.py:39} ERROR - Importing plotly failed. Interactive plots will not work.
[2025-12-25T02:54:55.294+0900] {processor.py:840} INFO - DAG(s) 'demand_forecasting_pipeline' retrieved from /mnt/d/My Apps/Airflow Demand Forecast Project/airflow-demand-forecasting/dags/demand_forecasting_pipeline.py
[2025-12-25T02:54:55.347+0900] {logging_mixin.py:188} INFO - [2025-12-25T02:54:55.347+0900] {dag.py:3036} INFO - Sync 1 DAGs
[2025-12-25T02:54:55.363+0900] {logging_mixin.py:188} INFO - [2025-12-25T02:54:55.362+0900] {dag.py:3823} INFO - Setting next_dagrun for demand_forecasting_pipeline to 2025-12-24 00:00:00+00:00, run_after=2025-12-25 00:00:00+00:00
[2025-12-25T02:54:55.392+0900] {processor.py:183} INFO - Processing /mnt/d/My Apps/Airflow Demand Forecast Project/airflow-demand-forecasting/dags/demand_forecasting_pipeline.py took 3.367 seconds
[2025-12-25T02:55:26.587+0900] {processor.py:161} INFO - Started process (PID=17771) to work on /mnt/d/My Apps/Airflow Demand Forecast Project/airflow-demand-forecasting/dags/demand_forecasting_pipeline.py
[2025-12-25T02:55:26.588+0900] {processor.py:830} INFO - Processing file /mnt/d/My Apps/Airflow Demand Forecast Project/airflow-demand-forecasting/dags/demand_forecasting_pipeline.py for tasks to queue
[2025-12-25T02:55:26.590+0900] {logging_mixin.py:188} INFO - [2025-12-25T02:55:26.589+0900] {dagbag.py:538} INFO - Filling up the DagBag from /mnt/d/My Apps/Airflow Demand Forecast Project/airflow-demand-forecasting/dags/demand_forecasting_pipeline.py
[2025-12-25T02:55:29.250+0900] {logging_mixin.py:188} INFO - [2025-12-25T02:55:29.250+0900] {plot.py:39} ERROR - Importing plotly failed. Interactive plots will not work.
[2025-12-25T02:55:29.329+0900] {processor.py:840} INFO - DAG(s) 'demand_forecasting_pipeline' retrieved from /mnt/d/My Apps/Airflow Demand Forecast Project/airflow-demand-forecasting/dags/demand_forecasting_pipeline.py
[2025-12-25T02:55:29.392+0900] {logging_mixin.py:188} INFO - [2025-12-25T02:55:29.392+0900] {dag.py:3036} INFO - Sync 1 DAGs
[2025-12-25T02:55:29.406+0900] {logging_mixin.py:188} INFO - [2025-12-25T02:55:29.406+0900] {dag.py:3823} INFO - Setting next_dagrun for demand_forecasting_pipeline to 2025-12-24 00:00:00+00:00, run_after=2025-12-25 00:00:00+00:00
[2025-12-25T02:55:29.435+0900] {processor.py:183} INFO - Processing /mnt/d/My Apps/Airflow Demand Forecast Project/airflow-demand-forecasting/dags/demand_forecasting_pipeline.py took 2.850 seconds
[2025-12-25T02:55:59.772+0900] {processor.py:161} INFO - Started process (PID=17788) to work on /mnt/d/My Apps/Airflow Demand Forecast Project/airflow-demand-forecasting/dags/demand_forecasting_pipeline.py
[2025-12-25T02:55:59.774+0900] {processor.py:830} INFO - Processing file /mnt/d/My Apps/Airflow Demand Forecast Project/airflow-demand-forecasting/dags/demand_forecasting_pipeline.py for tasks to queue
[2025-12-25T02:55:59.775+0900] {logging_mixin.py:188} INFO - [2025-12-25T02:55:59.775+0900] {dagbag.py:538} INFO - Filling up the DagBag from /mnt/d/My Apps/Airflow Demand Forecast Project/airflow-demand-forecasting/dags/demand_forecasting_pipeline.py
[2025-12-25T02:56:02.751+0900] {logging_mixin.py:188} INFO - [2025-12-25T02:56:02.750+0900] {plot.py:39} ERROR - Importing plotly failed. Interactive plots will not work.
[2025-12-25T02:56:02.836+0900] {processor.py:840} INFO - DAG(s) 'demand_forecasting_pipeline' retrieved from /mnt/d/My Apps/Airflow Demand Forecast Project/airflow-demand-forecasting/dags/demand_forecasting_pipeline.py
[2025-12-25T02:56:02.910+0900] {logging_mixin.py:188} INFO - [2025-12-25T02:56:02.909+0900] {dag.py:3036} INFO - Sync 1 DAGs
[2025-12-25T02:56:02.925+0900] {logging_mixin.py:188} INFO - [2025-12-25T02:56:02.924+0900] {dag.py:3823} INFO - Setting next_dagrun for demand_forecasting_pipeline to 2025-12-24 00:00:00+00:00, run_after=2025-12-25 00:00:00+00:00
[2025-12-25T02:56:02.968+0900] {processor.py:183} INFO - Processing /mnt/d/My Apps/Airflow Demand Forecast Project/airflow-demand-forecasting/dags/demand_forecasting_pipeline.py took 3.198 seconds
[2025-12-25T02:56:33.589+0900] {processor.py:161} INFO - Started process (PID=17805) to work on /mnt/d/My Apps/Airflow Demand Forecast Project/airflow-demand-forecasting/dags/demand_forecasting_pipeline.py
[2025-12-25T02:56:33.591+0900] {processor.py:830} INFO - Processing file /mnt/d/My Apps/Airflow Demand Forecast Project/airflow-demand-forecasting/dags/demand_forecasting_pipeline.py for tasks to queue
[2025-12-25T02:56:33.592+0900] {logging_mixin.py:188} INFO - [2025-12-25T02:56:33.592+0900] {dagbag.py:538} INFO - Filling up the DagBag from /mnt/d/My Apps/Airflow Demand Forecast Project/airflow-demand-forecasting/dags/demand_forecasting_pipeline.py
[2025-12-25T02:56:36.069+0900] {logging_mixin.py:188} INFO - [2025-12-25T02:56:36.069+0900] {plot.py:39} ERROR - Importing plotly failed. Interactive plots will not work.
[2025-12-25T02:56:36.151+0900] {processor.py:840} INFO - DAG(s) 'demand_forecasting_pipeline' retrieved from /mnt/d/My Apps/Airflow Demand Forecast Project/airflow-demand-forecasting/dags/demand_forecasting_pipeline.py
[2025-12-25T02:56:36.205+0900] {logging_mixin.py:188} INFO - [2025-12-25T02:56:36.205+0900] {dag.py:3036} INFO - Sync 1 DAGs
[2025-12-25T02:56:36.221+0900] {logging_mixin.py:188} INFO - [2025-12-25T02:56:36.220+0900] {dag.py:3823} INFO - Setting next_dagrun for demand_forecasting_pipeline to 2025-12-24 00:00:00+00:00, run_after=2025-12-25 00:00:00+00:00
[2025-12-25T02:56:36.249+0900] {processor.py:183} INFO - Processing /mnt/d/My Apps/Airflow Demand Forecast Project/airflow-demand-forecasting/dags/demand_forecasting_pipeline.py took 2.662 seconds
[2025-12-25T02:57:07.357+0900] {processor.py:161} INFO - Started process (PID=17823) to work on /mnt/d/My Apps/Airflow Demand Forecast Project/airflow-demand-forecasting/dags/demand_forecasting_pipeline.py
[2025-12-25T02:57:07.359+0900] {processor.py:830} INFO - Processing file /mnt/d/My Apps/Airflow Demand Forecast Project/airflow-demand-forecasting/dags/demand_forecasting_pipeline.py for tasks to queue
[2025-12-25T02:57:07.360+0900] {logging_mixin.py:188} INFO - [2025-12-25T02:57:07.360+0900] {dagbag.py:538} INFO - Filling up the DagBag from /mnt/d/My Apps/Airflow Demand Forecast Project/airflow-demand-forecasting/dags/demand_forecasting_pipeline.py
[2025-12-25T02:57:09.802+0900] {logging_mixin.py:188} INFO - [2025-12-25T02:57:09.802+0900] {plot.py:39} ERROR - Importing plotly failed. Interactive plots will not work.
[2025-12-25T02:57:09.887+0900] {processor.py:840} INFO - DAG(s) 'demand_forecasting_pipeline' retrieved from /mnt/d/My Apps/Airflow Demand Forecast Project/airflow-demand-forecasting/dags/demand_forecasting_pipeline.py
[2025-12-25T02:57:09.942+0900] {logging_mixin.py:188} INFO - [2025-12-25T02:57:09.941+0900] {dag.py:3036} INFO - Sync 1 DAGs
[2025-12-25T02:57:09.956+0900] {logging_mixin.py:188} INFO - [2025-12-25T02:57:09.956+0900] {dag.py:3823} INFO - Setting next_dagrun for demand_forecasting_pipeline to 2025-12-24 00:00:00+00:00, run_after=2025-12-25 00:00:00+00:00
[2025-12-25T02:57:09.992+0900] {processor.py:183} INFO - Processing /mnt/d/My Apps/Airflow Demand Forecast Project/airflow-demand-forecasting/dags/demand_forecasting_pipeline.py took 2.638 seconds
[2025-12-25T02:57:41.135+0900] {processor.py:161} INFO - Started process (PID=17840) to work on /mnt/d/My Apps/Airflow Demand Forecast Project/airflow-demand-forecasting/dags/demand_forecasting_pipeline.py
[2025-12-25T02:57:41.136+0900] {processor.py:830} INFO - Processing file /mnt/d/My Apps/Airflow Demand Forecast Project/airflow-demand-forecasting/dags/demand_forecasting_pipeline.py for tasks to queue
[2025-12-25T02:57:41.138+0900] {logging_mixin.py:188} INFO - [2025-12-25T02:57:41.137+0900] {dagbag.py:538} INFO - Filling up the DagBag from /mnt/d/My Apps/Airflow Demand Forecast Project/airflow-demand-forecasting/dags/demand_forecasting_pipeline.py
[2025-12-25T02:57:43.644+0900] {logging_mixin.py:188} INFO - [2025-12-25T02:57:43.644+0900] {plot.py:39} ERROR - Importing plotly failed. Interactive plots will not work.
[2025-12-25T02:57:43.712+0900] {processor.py:840} INFO - DAG(s) 'demand_forecasting_pipeline' retrieved from /mnt/d/My Apps/Airflow Demand Forecast Project/airflow-demand-forecasting/dags/demand_forecasting_pipeline.py
[2025-12-25T02:57:43.773+0900] {logging_mixin.py:188} INFO - [2025-12-25T02:57:43.772+0900] {dag.py:3036} INFO - Sync 1 DAGs
[2025-12-25T02:57:43.789+0900] {logging_mixin.py:188} INFO - [2025-12-25T02:57:43.789+0900] {dag.py:3823} INFO - Setting next_dagrun for demand_forecasting_pipeline to 2025-12-24 00:00:00+00:00, run_after=2025-12-25 00:00:00+00:00
[2025-12-25T02:57:43.823+0900] {processor.py:183} INFO - Processing /mnt/d/My Apps/Airflow Demand Forecast Project/airflow-demand-forecasting/dags/demand_forecasting_pipeline.py took 2.690 seconds
